17/07/2025 13:19:33 - INFO - ENDPOINT listar pessoas chamado
17/07/2025 13:19:59 - INFO - ENDPOINT criar pessoa chamado
17/07/2025 13:20:39 - INFO - ENDPOINT terrono a pessoas chamado
17/07/2025 13:21:03 - INFO - ENDPOINT listar pessoas chamado
17/07/2025 13:21:10 - INFO - ENDPOINT listar pessoas chamado
17/07/2025 13:22:01 - INFO - ENDPOINT atualizar pessoa chamado com o id 68779b9f34c55dfab967c3cb e corpo nome='Mário' email='marioaragao@alu.ufc.br' idade=21 telefone='string' profissao='Programador na JIT'
17/07/2025 13:23:15 - INFO - ENDPOINT listar pessoas chamado
17/07/2025 13:23:24 - INFO - ENDPOINT de deletar pessoa chamado para pessoa de id 68779b9f34c55dfab967c3cb
17/07/2025 13:31:38 - INFO - ENDPOINT listar pessoas chamado
17/07/2025 13:36:05 - INFO - ENDPOINT listar pessoas chamado
17/07/2025 13:36:17 - INFO - ENDPOINT terrono a pessoas chamado
17/07/2025 13:38:35 - INFO - ENDPOINT terrono a pessoas chamado
17/07/2025 13:38:35 - WARNING - Problema ao processar a busca por terreno
17/07/2025 13:40:18 - INFO - ENDPOINT terrono a pessoas chamado
17/07/2025 13:40:18 - WARNING - Problema ao processar a busca por terreno : '20' is not a valid ObjectId, it must be a 12-byte input or a 24-character hex string
17/07/2025 13:41:24 - INFO - ENDPOINT terrono a pessoas chamado
17/07/2025 13:41:24 - WARNING - Problema ao processar a busca por terreno : '20' is not a valid ObjectId, it must be a 12-byte input or a 24-character hex string
17/07/2025 13:41:33 - INFO - ENDPOINT terrono a pessoas chamado
17/07/2025 13:41:33 - WARNING - Problema ao processar a busca por terreno : '20' is not a valid ObjectId, it must be a 12-byte input or a 24-character hex string
17/07/2025 13:42:24 - INFO - ENDPOINT terrono a pessoas chamado
17/07/2025 13:42:24 - WARNING - Problema ao processar a busca por terreno de id 20. Erro: '20' is not a valid ObjectId, it must be a 12-byte input or a 24-character hex string
17/07/2025 13:43:58 - INFO - ENDPOINT terrono a pessoas chamado
17/07/2025 13:43:58 - WARNING - Problema ao processar a busca por terreno de id 20. Erro: '20' is not a valid ObjectId, it must be a 12-byte input or a 24-character hex string
17/07/2025 13:44:38 - INFO - ENDPOINT terrono a pessoas chamado
17/07/2025 13:44:38 - WARNING - Problema ao processar a busca por terreno de id as8123n9dac9dmmdaica. Erro: 'as8123n9dac9dmmdaica' is not a valid ObjectId, it must be a 12-byte input or a 24-character hex string
17/07/2025 13:44:48 - INFO - ENDPOINT listar pessoas chamado
17/07/2025 13:45:03 - INFO - ENDPOINT terrono a pessoas chamado
17/07/2025 13:45:03 - INFO - Terreno de id 687922af77e739465a7a4652 não encontrado
17/07/2025 13:48:01 - INFO - ENDPOINT de deletar pessoa chamado para pessoa de id iadamdiid1923123123123
17/07/2025 13:48:06 - INFO - ENDPOINT de deletar pessoa chamado para pessoa de id iadamdiid1923123123123
17/07/2025 13:48:06 - INFO - Validação de id : iadamdiid1923123123123
17/07/2025 13:48:06 - WARNING - Erro ao validar id : <class 'bson.errors.InvalidId'>
17/07/2025 13:56:50 - INFO - ENDPOINT listar quantidade de usuários chamado
17/07/2025 13:56:50 - INFO - Erro ao acessar o total de ocorrencias de usuário. Erro: object of type 'coroutine' has no len()
17/07/2025 13:57:00 - INFO - ENDPOINT listar quantidade de usuários chamado
17/07/2025 13:57:00 - INFO - Erro ao acessar o total de ocorrencias de usuário. Erro: object of type 'coroutine' has no len()
17/07/2025 13:57:04 - INFO - ENDPOINT listar pessoas chamado
17/07/2025 13:57:17 - INFO - ENDPOINT listar quantidade de usuários chamado
17/07/2025 13:57:17 - INFO - Erro ao acessar o total de ocorrencias de usuário. Erro: object of type 'coroutine' has no len()
17/07/2025 13:58:07 - INFO - ENDPOINT listar quantidade de usuários chamado
17/07/2025 13:58:07 - INFO - Erro ao acessar o total de ocorrencias de usuário. Erro: object of type 'coroutine' has no len()
17/07/2025 13:58:15 - INFO - ENDPOINT listar quantidade de usuários chamado
17/07/2025 13:58:15 - INFO - ENDPOINT listar pessoas chamado
17/07/2025 14:12:53 - INFO - ENDPOINT de paginação chamado
17/07/2025 14:13:18 - INFO - ENDPOINT de paginação chamado
17/07/2025 14:13:18 - DEBUG - 0
17/07/2025 14:13:18 - DEBUG - AsyncIOMotorCursor(<pymongo.synchronous.cursor.Cursor object at 0x7d913713ce60>)
17/07/2025 14:13:18 - DEBUG - {"message": "Connection pool created", "clientId": {"$oid": "68792f2dd328ac524ac1c649"}, "serverHost": "localhost", "serverPort": 27017}
17/07/2025 14:13:18 - DEBUG - {"message": "Server selection started", "selector": "Primary()", "operation": "find", "topologyDescription": "<TopologyDescription id: 68792f2dd328ac524ac1c649, topology_type: Unknown, servers: [<ServerDescription ('localhost', 27017) server_type: Unknown, rtt: None>]>", "clientId": {"$oid": "68792f2dd328ac524ac1c649"}}
17/07/2025 14:13:18 - DEBUG - {"message": "Waiting for suitable server to become available", "selector": "Primary()", "operation": "find", "topologyDescription": "<TopologyDescription id: 68792f2dd328ac524ac1c649, topology_type: Unknown, servers: [<ServerDescription ('localhost', 27017) server_type: Unknown, rtt: None>]>", "clientId": {"$oid": "68792f2dd328ac524ac1c649"}, "remainingTimeMS": 29999}
17/07/2025 14:13:18 - DEBUG - {"message": "Server heartbeat started", "topologyId": {"$oid": "68792f2dd328ac524ac1c649"}, "driverConnectionId": 1, "serverHost": "localhost", "serverPort": 27017, "awaited": false}
17/07/2025 14:13:18 - DEBUG - {"message": "Server heartbeat succeeded", "topologyId": {"$oid": "68792f2dd328ac524ac1c649"}, "driverConnectionId": 1, "serverConnectionId": 34, "serverHost": "localhost", "serverPort": 27017, "awaited": false, "durationMS": 0.6625959995290032, "reply": "{\"helloOk\": true, \"ismaster\": true, \"topologyVersion\": {\"processId\": {\"$oid\": \"68791a4e03f9a85dccbcf8c0\"}}, \"maxBsonObjectSize\": 16777216, \"maxMessageSizeBytes\": 48000000, \"maxWriteBatchSize\": 100000, \"localTime\": {\"$date\": \"2025-07-17T17:13:18.343Z\"}, \"logicalSessionTimeoutMinutes\": 30, \"connectionId\": 34, \"maxWireVersion\": 25, \"ok\": 1.0}"}
17/07/2025 14:13:18 - DEBUG - {"message": "Connection pool ready", "clientId": {"$oid": "68792f2dd328ac524ac1c649"}, "serverHost": "localhost", "serverPort": 27017}
17/07/2025 14:13:18 - DEBUG - {"message": "Topology description changed", "topologyId": {"$oid": "68792f2dd328ac524ac1c649"}, "previousDescription": "<TopologyDescription id: 68792f2dd328ac524ac1c649, topology_type: Unknown, servers: [<ServerDescription ('localhost', 27017) server_type: Unknown, rtt: None>]>", "newDescription": "<TopologyDescription id: 68792f2dd328ac524ac1c649, topology_type: Single, servers: [<ServerDescription ('localhost', 27017) server_type: Standalone, rtt: 0.0006625959995290032>]>"}
17/07/2025 14:13:18 - DEBUG - {"message": "Server selection succeeded", "selector": "Primary()", "operation": "find", "topologyDescription": "<TopologyDescription id: 68792f2dd328ac524ac1c649, topology_type: Single, servers: [<ServerDescription ('localhost', 27017) server_type: Standalone, rtt: 0.0006625959995290032>]>", "clientId": {"$oid": "68792f2dd328ac524ac1c649"}, "serverHost": "localhost", "serverPort": 27017}
17/07/2025 14:13:18 - DEBUG - {"message": "Connection checkout started", "clientId": {"$oid": "68792f2dd328ac524ac1c649"}, "serverHost": "localhost", "serverPort": 27017}
17/07/2025 14:13:18 - DEBUG - {"message": "Connection created", "clientId": {"$oid": "68792f2dd328ac524ac1c649"}, "serverHost": "localhost", "serverPort": 27017, "driverConnectionId": 1}
17/07/2025 14:13:18 - DEBUG - {"message": "Server heartbeat started", "topologyId": {"$oid": "68792f2dd328ac524ac1c649"}, "driverConnectionId": 1, "serverConnectionId": 34, "serverHost": "localhost", "serverPort": 27017, "awaited": true}
17/07/2025 14:13:18 - DEBUG - {"message": "Connection ready", "clientId": {"$oid": "68792f2dd328ac524ac1c649"}, "serverHost": "localhost", "serverPort": 27017, "driverConnectionId": 1, "durationMS": 0.0007239169999593287}
17/07/2025 14:13:18 - DEBUG - {"message": "Connection checked out", "clientId": {"$oid": "68792f2dd328ac524ac1c649"}, "serverHost": "localhost", "serverPort": 27017, "driverConnectionId": 1, "durationMS": 0.0027725380004994804}
17/07/2025 14:13:18 - DEBUG - {"message": "Command started", "clientId": {"$oid": "68792f2dd328ac524ac1c649"}, "command": "{\"find\": \"pessoas\", \"limit\": 10, \"lsid\": {\"id\": {\"$binary\": {\"base64\": \"q0JVEPsVQ/WJKWvaZ98nxg==\", \"subType\": \"04\"}}}, \"$db\": \"mydb2\"}", "commandName": "find", "databaseName": "mydb2", "requestId": 1957747793, "operationId": 1957747793, "driverConnectionId": 1, "serverConnectionId": 36, "serverHost": "localhost", "serverPort": 27017}
17/07/2025 14:13:18 - DEBUG - {"message": "Command succeeded", "clientId": {"$oid": "68792f2dd328ac524ac1c649"}, "durationMS": 1.4649999999999999, "reply": "{\"cursor\": {\"firstBatch\": [{\"_id\": {\"$oid\": \"687922af77e739465a7a4653\"}, \"nome\": \"Breno\", \"email\": \"breno@example.com\", \"idade\": 18, \"telefone\": \"string\", \"profissao\": \"string\"}], \"ns\": \"mydb2.pessoas\"}, \"ok\": 1.0}", "commandName": "find", "databaseName": "mydb2", "requestId": 1957747793, "operationId": 1957747793, "driverConnectionId": 1, "serverConnectionId": 36, "serverHost": "localhost", "serverPort": 27017}
17/07/2025 14:13:18 - DEBUG - {"message": "Connection checked in", "clientId": {"$oid": "68792f2dd328ac524ac1c649"}, "serverHost": "localhost", "serverPort": 27017, "driverConnectionId": 1}
17/07/2025 14:13:18 - DEBUG - [{'_id': ObjectId('687922af77e739465a7a4653'), 'nome': 'Breno', 'email': 'breno@example.com', 'idade': 18, 'telefone': 'string', 'profissao': 'string'}]
17/07/2025 14:13:28 - DEBUG - {"message": "Server heartbeat succeeded", "topologyId": {"$oid": "68792f2dd328ac524ac1c649"}, "driverConnectionId": 1, "serverConnectionId": 34, "serverHost": "localhost", "serverPort": 27017, "awaited": true, "durationMS": 10036.25536599975, "reply": "{\"isWritablePrimary\": true, \"topologyVersion\": {\"processId\": {\"$oid\": \"68791a4e03f9a85dccbcf8c0\"}}, \"maxBsonObjectSize\": 16777216, \"maxMessageSizeBytes\": 48000000, \"maxWriteBatchSize\": 100000, \"localTime\": {\"$date\": \"2025-07-17T17:13:28.382Z\"}, \"logicalSessionTimeoutMinutes\": 30, \"connectionId\": 34, \"maxWireVersion\": 25, \"ok\": 1.0}"}
17/07/2025 14:13:28 - DEBUG - {"message": "Server heartbeat started", "topologyId": {"$oid": "68792f2dd328ac524ac1c649"}, "driverConnectionId": 1, "serverConnectionId": 34, "serverHost": "localhost", "serverPort": 27017, "awaited": true}
17/07/2025 14:13:38 - DEBUG - {"message": "Server heartbeat succeeded", "topologyId": {"$oid": "68792f2dd328ac524ac1c649"}, "driverConnectionId": 1, "serverConnectionId": 34, "serverHost": "localhost", "serverPort": 27017, "awaited": true, "durationMS": 10012.65439800045, "reply": "{\"isWritablePrimary\": true, \"topologyVersion\": {\"processId\": {\"$oid\": \"68791a4e03f9a85dccbcf8c0\"}}, \"maxBsonObjectSize\": 16777216, \"maxMessageSizeBytes\": 48000000, \"maxWriteBatchSize\": 100000, \"localTime\": {\"$date\": \"2025-07-17T17:13:38.396Z\"}, \"logicalSessionTimeoutMinutes\": 30, \"connectionId\": 34, \"maxWireVersion\": 25, \"ok\": 1.0}"}
17/07/2025 14:13:38 - DEBUG - {"message": "Server heartbeat started", "topologyId": {"$oid": "68792f2dd328ac524ac1c649"}, "driverConnectionId": 1, "serverConnectionId": 34, "serverHost": "localhost", "serverPort": 27017, "awaited": true}
17/07/2025 14:13:48 - DEBUG - {"message": "Server heartbeat succeeded", "topologyId": {"$oid": "68792f2dd328ac524ac1c649"}, "driverConnectionId": 1, "serverConnectionId": 34, "serverHost": "localhost", "serverPort": 27017, "awaited": true, "durationMS": 10048.062031999507, "reply": "{\"isWritablePrimary\": true, \"topologyVersion\": {\"processId\": {\"$oid\": \"68791a4e03f9a85dccbcf8c0\"}}, \"maxBsonObjectSize\": 16777216, \"maxMessageSizeBytes\": 48000000, \"maxWriteBatchSize\": 100000, \"localTime\": {\"$date\": \"2025-07-17T17:13:48.445Z\"}, \"logicalSessionTimeoutMinutes\": 30, \"connectionId\": 34, \"maxWireVersion\": 25, \"ok\": 1.0}"}
17/07/2025 14:13:48 - DEBUG - {"message": "Server heartbeat started", "topologyId": {"$oid": "68792f2dd328ac524ac1c649"}, "driverConnectionId": 1, "serverConnectionId": 34, "serverHost": "localhost", "serverPort": 27017, "awaited": true}
17/07/2025 14:13:58 - DEBUG - {"message": "Server heartbeat succeeded", "topologyId": {"$oid": "68792f2dd328ac524ac1c649"}, "driverConnectionId": 1, "serverConnectionId": 34, "serverHost": "localhost", "serverPort": 27017, "awaited": true, "durationMS": 10050.0554070004, "reply": "{\"isWritablePrimary\": true, \"topologyVersion\": {\"processId\": {\"$oid\": \"68791a4e03f9a85dccbcf8c0\"}}, \"maxBsonObjectSize\": 16777216, \"maxMessageSizeBytes\": 48000000, \"maxWriteBatchSize\": 100000, \"localTime\": {\"$date\": \"2025-07-17T17:13:58.496Z\"}, \"logicalSessionTimeoutMinutes\": 30, \"connectionId\": 34, \"maxWireVersion\": 25, \"ok\": 1.0}"}
17/07/2025 14:13:58 - DEBUG - {"message": "Server heartbeat started", "topologyId": {"$oid": "68792f2dd328ac524ac1c649"}, "driverConnectionId": 1, "serverConnectionId": 34, "serverHost": "localhost", "serverPort": 27017, "awaited": true}
17/07/2025 14:14:08 - DEBUG - {"message": "Server heartbeat succeeded", "topologyId": {"$oid": "68792f2dd328ac524ac1c649"}, "driverConnectionId": 1, "serverConnectionId": 34, "serverHost": "localhost", "serverPort": 27017, "awaited": true, "durationMS": 10043.41212700001, "reply": "{\"isWritablePrimary\": true, \"topologyVersion\": {\"processId\": {\"$oid\": \"68791a4e03f9a85dccbcf8c0\"}}, \"maxBsonObjectSize\": 16777216, \"maxMessageSizeBytes\": 48000000, \"maxWriteBatchSize\": 100000, \"localTime\": {\"$date\": \"2025-07-17T17:14:08.541Z\"}, \"logicalSessionTimeoutMinutes\": 30, \"connectionId\": 34, \"maxWireVersion\": 25, \"ok\": 1.0}"}
17/07/2025 14:14:08 - DEBUG - {"message": "Server heartbeat started", "topologyId": {"$oid": "68792f2dd328ac524ac1c649"}, "driverConnectionId": 1, "serverConnectionId": 34, "serverHost": "localhost", "serverPort": 27017, "awaited": true}
17/07/2025 14:14:18 - DEBUG - {"message": "Server heartbeat succeeded", "topologyId": {"$oid": "68792f2dd328ac524ac1c649"}, "driverConnectionId": 1, "serverConnectionId": 34, "serverHost": "localhost", "serverPort": 27017, "awaited": true, "durationMS": 10047.152124000604, "reply": "{\"isWritablePrimary\": true, \"topologyVersion\": {\"processId\": {\"$oid\": \"68791a4e03f9a85dccbcf8c0\"}}, \"maxBsonObjectSize\": 16777216, \"maxMessageSizeBytes\": 48000000, \"maxWriteBatchSize\": 100000, \"localTime\": {\"$date\": \"2025-07-17T17:14:18.589Z\"}, \"logicalSessionTimeoutMinutes\": 30, \"connectionId\": 34, \"maxWireVersion\": 25, \"ok\": 1.0}"}
17/07/2025 14:14:18 - DEBUG - {"message": "Server heartbeat started", "topologyId": {"$oid": "68792f2dd328ac524ac1c649"}, "driverConnectionId": 1, "serverConnectionId": 34, "serverHost": "localhost", "serverPort": 27017, "awaited": true}
17/07/2025 14:14:28 - DEBUG - {"message": "Server heartbeat succeeded", "topologyId": {"$oid": "68792f2dd328ac524ac1c649"}, "driverConnectionId": 1, "serverConnectionId": 34, "serverHost": "localhost", "serverPort": 27017, "awaited": true, "durationMS": 10048.975013000017, "reply": "{\"isWritablePrimary\": true, \"topologyVersion\": {\"processId\": {\"$oid\": \"68791a4e03f9a85dccbcf8c0\"}}, \"maxBsonObjectSize\": 16777216, \"maxMessageSizeBytes\": 48000000, \"maxWriteBatchSize\": 100000, \"localTime\": {\"$date\": \"2025-07-17T17:14:28.639Z\"}, \"logicalSessionTimeoutMinutes\": 30, \"connectionId\": 34, \"maxWireVersion\": 25, \"ok\": 1.0}"}
17/07/2025 14:14:28 - DEBUG - {"message": "Server heartbeat started", "topologyId": {"$oid": "68792f2dd328ac524ac1c649"}, "driverConnectionId": 1, "serverConnectionId": 34, "serverHost": "localhost", "serverPort": 27017, "awaited": true}
17/07/2025 14:14:38 - DEBUG - {"message": "Server heartbeat succeeded", "topologyId": {"$oid": "68792f2dd328ac524ac1c649"}, "driverConnectionId": 1, "serverConnectionId": 34, "serverHost": "localhost", "serverPort": 27017, "awaited": true, "durationMS": 10048.271349999595, "reply": "{\"isWritablePrimary\": true, \"topologyVersion\": {\"processId\": {\"$oid\": \"68791a4e03f9a85dccbcf8c0\"}}, \"maxBsonObjectSize\": 16777216, \"maxMessageSizeBytes\": 48000000, \"maxWriteBatchSize\": 100000, \"localTime\": {\"$date\": \"2025-07-17T17:14:38.688Z\"}, \"logicalSessionTimeoutMinutes\": 30, \"connectionId\": 34, \"maxWireVersion\": 25, \"ok\": 1.0}"}
17/07/2025 14:14:38 - DEBUG - {"message": "Server heartbeat started", "topologyId": {"$oid": "68792f2dd328ac524ac1c649"}, "driverConnectionId": 1, "serverConnectionId": 34, "serverHost": "localhost", "serverPort": 27017, "awaited": true}
17/07/2025 14:15:02 - INFO - ENDPOINT de paginação chamado
17/07/2025 14:15:02 - DEBUG - {"message": "Connection pool created", "clientId": {"$oid": "68792f8720f0e2da1974fe43"}, "serverHost": "localhost", "serverPort": 27017}
17/07/2025 14:15:02 - DEBUG - {"message": "Server selection started", "selector": "Primary()", "operation": "find", "topologyDescription": "<TopologyDescription id: 68792f8720f0e2da1974fe43, topology_type: Unknown, servers: [<ServerDescription ('localhost', 27017) server_type: Unknown, rtt: None>]>", "clientId": {"$oid": "68792f8720f0e2da1974fe43"}}
17/07/2025 14:15:02 - DEBUG - {"message": "Waiting for suitable server to become available", "selector": "Primary()", "operation": "find", "topologyDescription": "<TopologyDescription id: 68792f8720f0e2da1974fe43, topology_type: Unknown, servers: [<ServerDescription ('localhost', 27017) server_type: Unknown, rtt: None>]>", "clientId": {"$oid": "68792f8720f0e2da1974fe43"}, "remainingTimeMS": 29999}
17/07/2025 14:15:02 - DEBUG - {"message": "Server heartbeat started", "topologyId": {"$oid": "68792f8720f0e2da1974fe43"}, "driverConnectionId": 1, "serverHost": "localhost", "serverPort": 27017, "awaited": false}
17/07/2025 14:15:02 - DEBUG - {"message": "Server heartbeat succeeded", "topologyId": {"$oid": "68792f8720f0e2da1974fe43"}, "driverConnectionId": 1, "serverConnectionId": 37, "serverHost": "localhost", "serverPort": 27017, "awaited": false, "durationMS": 1.9988230005765217, "reply": "{\"helloOk\": true, \"ismaster\": true, \"topologyVersion\": {\"processId\": {\"$oid\": \"68791a4e03f9a85dccbcf8c0\"}}, \"maxBsonObjectSize\": 16777216, \"maxMessageSizeBytes\": 48000000, \"maxWriteBatchSize\": 100000, \"localTime\": {\"$date\": \"2025-07-17T17:15:02.139Z\"}, \"logicalSessionTimeoutMinutes\": 30, \"connectionId\": 37, \"maxWireVersion\": 25, \"ok\": 1.0}"}
17/07/2025 14:15:02 - DEBUG - {"message": "Connection pool ready", "clientId": {"$oid": "68792f8720f0e2da1974fe43"}, "serverHost": "localhost", "serverPort": 27017}
17/07/2025 14:15:02 - DEBUG - {"message": "Topology description changed", "topologyId": {"$oid": "68792f8720f0e2da1974fe43"}, "previousDescription": "<TopologyDescription id: 68792f8720f0e2da1974fe43, topology_type: Unknown, servers: [<ServerDescription ('localhost', 27017) server_type: Unknown, rtt: None>]>", "newDescription": "<TopologyDescription id: 68792f8720f0e2da1974fe43, topology_type: Single, servers: [<ServerDescription ('localhost', 27017) server_type: Standalone, rtt: 0.0019988230005765217>]>"}
17/07/2025 14:15:02 - DEBUG - {"message": "Server selection succeeded", "selector": "Primary()", "operation": "find", "topologyDescription": "<TopologyDescription id: 68792f8720f0e2da1974fe43, topology_type: Single, servers: [<ServerDescription ('localhost', 27017) server_type: Standalone, rtt: 0.0019988230005765217>]>", "clientId": {"$oid": "68792f8720f0e2da1974fe43"}, "serverHost": "localhost", "serverPort": 27017}
17/07/2025 14:15:02 - DEBUG - {"message": "Connection checkout started", "clientId": {"$oid": "68792f8720f0e2da1974fe43"}, "serverHost": "localhost", "serverPort": 27017}
17/07/2025 14:15:02 - DEBUG - {"message": "Server heartbeat started", "topologyId": {"$oid": "68792f8720f0e2da1974fe43"}, "driverConnectionId": 1, "serverConnectionId": 37, "serverHost": "localhost", "serverPort": 27017, "awaited": true}
17/07/2025 14:15:02 - DEBUG - {"message": "Connection created", "clientId": {"$oid": "68792f8720f0e2da1974fe43"}, "serverHost": "localhost", "serverPort": 27017, "driverConnectionId": 1}
17/07/2025 14:15:02 - DEBUG - {"message": "Connection ready", "clientId": {"$oid": "68792f8720f0e2da1974fe43"}, "serverHost": "localhost", "serverPort": 27017, "driverConnectionId": 1, "durationMS": 0.001757236999765155}
17/07/2025 14:15:02 - DEBUG - {"message": "Connection checked out", "clientId": {"$oid": "68792f8720f0e2da1974fe43"}, "serverHost": "localhost", "serverPort": 27017, "driverConnectionId": 1, "durationMS": 0.0058402999993631965}
17/07/2025 14:15:02 - DEBUG - {"message": "Command started", "clientId": {"$oid": "68792f8720f0e2da1974fe43"}, "command": "{\"find\": \"pessoas\", \"limit\": 10, \"lsid\": {\"id\": {\"$binary\": {\"base64\": \"WN1azaqxRtaBl5Y3mSxeXw==\", \"subType\": \"04\"}}}, \"$db\": \"mydb2\"}", "commandName": "find", "databaseName": "mydb2", "requestId": 1957747793, "operationId": 1957747793, "driverConnectionId": 1, "serverConnectionId": 39, "serverHost": "localhost", "serverPort": 27017}
17/07/2025 14:15:02 - DEBUG - {"message": "Command succeeded", "clientId": {"$oid": "68792f8720f0e2da1974fe43"}, "durationMS": 1.4569999999999999, "reply": "{\"cursor\": {\"firstBatch\": [{\"_id\": {\"$oid\": \"687922af77e739465a7a4653\"}, \"nome\": \"Breno\", \"email\": \"breno@example.com\", \"idade\": 18, \"telefone\": \"string\", \"profissao\": \"string\"}], \"ns\": \"mydb2.pessoas\"}, \"ok\": 1.0}", "commandName": "find", "databaseName": "mydb2", "requestId": 1957747793, "operationId": 1957747793, "driverConnectionId": 1, "serverConnectionId": 39, "serverHost": "localhost", "serverPort": 27017}
17/07/2025 14:15:02 - DEBUG - {"message": "Connection checked in", "clientId": {"$oid": "68792f8720f0e2da1974fe43"}, "serverHost": "localhost", "serverPort": 27017, "driverConnectionId": 1}
17/07/2025 14:15:02 - DEBUG - {"message": "Server selection started", "selector": "Primary()", "operation": "count", "topologyDescription": "<TopologyDescription id: 68792f8720f0e2da1974fe43, topology_type: Single, servers: [<ServerDescription ('localhost', 27017) server_type: Standalone, rtt: 0.0019988230005765217>]>", "clientId": {"$oid": "68792f8720f0e2da1974fe43"}}
17/07/2025 14:15:02 - DEBUG - {"message": "Server selection succeeded", "selector": "Primary()", "operation": "count", "topologyDescription": "<TopologyDescription id: 68792f8720f0e2da1974fe43, topology_type: Single, servers: [<ServerDescription ('localhost', 27017) server_type: Standalone, rtt: 0.0019988230005765217>]>", "clientId": {"$oid": "68792f8720f0e2da1974fe43"}, "serverHost": "localhost", "serverPort": 27017}
17/07/2025 14:15:02 - DEBUG - {"message": "Connection checkout started", "clientId": {"$oid": "68792f8720f0e2da1974fe43"}, "serverHost": "localhost", "serverPort": 27017}
17/07/2025 14:15:02 - DEBUG - {"message": "Connection checked out", "clientId": {"$oid": "68792f8720f0e2da1974fe43"}, "serverHost": "localhost", "serverPort": 27017, "driverConnectionId": 1, "durationMS": 0.0002277570001751883}
17/07/2025 14:15:02 - DEBUG - {"message": "Command started", "clientId": {"$oid": "68792f8720f0e2da1974fe43"}, "command": "{\"aggregate\": \"pessoas\", \"pipeline\": [{\"$group\": {\"_id\": 1, \"n\": {\"$sum\": 1}}}], \"lsid\": {\"id\": {\"$binary\": {\"base64\": \"WN1azaqxRtaBl5Y3mSxeXw==\", \"subType\": \"04\"}}}, \"$db\": \"mydb2\"}", "commandName": "aggregate", "databaseName": "mydb2", "requestId": 424238335, "operationId": 424238335, "driverConnectionId": 1, "serverConnectionId": 39, "serverHost": "localhost", "serverPort": 27017}
17/07/2025 14:15:02 - DEBUG - {"message": "Command succeeded", "clientId": {"$oid": "68792f8720f0e2da1974fe43"}, "durationMS": 42.04, "reply": "{\"cursor\": {\"firstBatch\": [{\"_id\": 1, \"n\": 1}], \"ns\": \"mydb2.pessoas\"}, \"ok\": 1.0}", "commandName": "aggregate", "databaseName": "mydb2", "requestId": 424238335, "operationId": 424238335, "driverConnectionId": 1, "serverConnectionId": 39, "serverHost": "localhost", "serverPort": 27017}
17/07/2025 14:15:02 - DEBUG - {"message": "Connection checked in", "clientId": {"$oid": "68792f8720f0e2da1974fe43"}, "serverHost": "localhost", "serverPort": 27017, "driverConnectionId": 1}
17/07/2025 14:15:12 - DEBUG - {"message": "Server heartbeat succeeded", "topologyId": {"$oid": "68792f8720f0e2da1974fe43"}, "driverConnectionId": 1, "serverConnectionId": 37, "serverHost": "localhost", "serverPort": 27017, "awaited": true, "durationMS": 10043.296957000166, "reply": "{\"isWritablePrimary\": true, \"topologyVersion\": {\"processId\": {\"$oid\": \"68791a4e03f9a85dccbcf8c0\"}}, \"maxBsonObjectSize\": 16777216, \"maxMessageSizeBytes\": 48000000, \"maxWriteBatchSize\": 100000, \"localTime\": {\"$date\": \"2025-07-17T17:15:12.186Z\"}, \"logicalSessionTimeoutMinutes\": 30, \"connectionId\": 37, \"maxWireVersion\": 25, \"ok\": 1.0}"}
17/07/2025 14:15:12 - DEBUG - {"message": "Server heartbeat started", "topologyId": {"$oid": "68792f8720f0e2da1974fe43"}, "driverConnectionId": 1, "serverConnectionId": 37, "serverHost": "localhost", "serverPort": 27017, "awaited": true}
17/07/2025 14:15:22 - DEBUG - {"message": "Server heartbeat succeeded", "topologyId": {"$oid": "68792f8720f0e2da1974fe43"}, "driverConnectionId": 1, "serverConnectionId": 37, "serverHost": "localhost", "serverPort": 27017, "awaited": true, "durationMS": 10001.60105499981, "reply": "{\"isWritablePrimary\": true, \"topologyVersion\": {\"processId\": {\"$oid\": \"68791a4e03f9a85dccbcf8c0\"}}, \"maxBsonObjectSize\": 16777216, \"maxMessageSizeBytes\": 48000000, \"maxWriteBatchSize\": 100000, \"localTime\": {\"$date\": \"2025-07-17T17:15:22.189Z\"}, \"logicalSessionTimeoutMinutes\": 30, \"connectionId\": 37, \"maxWireVersion\": 25, \"ok\": 1.0}"}
17/07/2025 14:15:22 - DEBUG - {"message": "Server heartbeat started", "topologyId": {"$oid": "68792f8720f0e2da1974fe43"}, "driverConnectionId": 1, "serverConnectionId": 37, "serverHost": "localhost", "serverPort": 27017, "awaited": true}
17/07/2025 14:15:32 - DEBUG - {"message": "Server heartbeat succeeded", "topologyId": {"$oid": "68792f8720f0e2da1974fe43"}, "driverConnectionId": 1, "serverConnectionId": 37, "serverHost": "localhost", "serverPort": 27017, "awaited": true, "durationMS": 10031.730061999951, "reply": "{\"isWritablePrimary\": true, \"topologyVersion\": {\"processId\": {\"$oid\": \"68791a4e03f9a85dccbcf8c0\"}}, \"maxBsonObjectSize\": 16777216, \"maxMessageSizeBytes\": 48000000, \"maxWriteBatchSize\": 100000, \"localTime\": {\"$date\": \"2025-07-17T17:15:32.222Z\"}, \"logicalSessionTimeoutMinutes\": 30, \"connectionId\": 37, \"maxWireVersion\": 25, \"ok\": 1.0}"}
17/07/2025 14:15:32 - DEBUG - {"message": "Server heartbeat started", "topologyId": {"$oid": "68792f8720f0e2da1974fe43"}, "driverConnectionId": 1, "serverConnectionId": 37, "serverHost": "localhost", "serverPort": 27017, "awaited": true}
17/07/2025 14:15:42 - DEBUG - {"message": "Server heartbeat succeeded", "topologyId": {"$oid": "68792f8720f0e2da1974fe43"}, "driverConnectionId": 1, "serverConnectionId": 37, "serverHost": "localhost", "serverPort": 27017, "awaited": true, "durationMS": 10048.53654100043, "reply": "{\"isWritablePrimary\": true, \"topologyVersion\": {\"processId\": {\"$oid\": \"68791a4e03f9a85dccbcf8c0\"}}, \"maxBsonObjectSize\": 16777216, \"maxMessageSizeBytes\": 48000000, \"maxWriteBatchSize\": 100000, \"localTime\": {\"$date\": \"2025-07-17T17:15:42.272Z\"}, \"logicalSessionTimeoutMinutes\": 30, \"connectionId\": 37, \"maxWireVersion\": 25, \"ok\": 1.0}"}
17/07/2025 14:15:42 - DEBUG - {"message": "Server heartbeat started", "topologyId": {"$oid": "68792f8720f0e2da1974fe43"}, "driverConnectionId": 1, "serverConnectionId": 37, "serverHost": "localhost", "serverPort": 27017, "awaited": true}
17/07/2025 14:16:20 - INFO - ENDPOINT listar quantidade de usuários chamado
17/07/2025 14:16:20 - INFO - ENDPOINT listar pessoas chamado
17/07/2025 14:16:20 - DEBUG - {"message": "Connection pool created", "clientId": {"$oid": "68792fc59978f478be0eea24"}, "serverHost": "localhost", "serverPort": 27017}
17/07/2025 14:16:20 - DEBUG - {"message": "Server selection started", "selector": "Primary()", "operation": "find", "topologyDescription": "<TopologyDescription id: 68792fc59978f478be0eea24, topology_type: Unknown, servers: [<ServerDescription ('localhost', 27017) server_type: Unknown, rtt: None>]>", "clientId": {"$oid": "68792fc59978f478be0eea24"}}
17/07/2025 14:16:20 - DEBUG - {"message": "Waiting for suitable server to become available", "selector": "Primary()", "operation": "find", "topologyDescription": "<TopologyDescription id: 68792fc59978f478be0eea24, topology_type: Unknown, servers: [<ServerDescription ('localhost', 27017) server_type: Unknown, rtt: None>]>", "clientId": {"$oid": "68792fc59978f478be0eea24"}, "remainingTimeMS": 29999}
17/07/2025 14:16:20 - DEBUG - {"message": "Server heartbeat started", "topologyId": {"$oid": "68792fc59978f478be0eea24"}, "driverConnectionId": 1, "serverHost": "localhost", "serverPort": 27017, "awaited": false}
17/07/2025 14:16:20 - DEBUG - {"message": "Server heartbeat succeeded", "topologyId": {"$oid": "68792fc59978f478be0eea24"}, "driverConnectionId": 1, "serverConnectionId": 40, "serverHost": "localhost", "serverPort": 27017, "awaited": false, "durationMS": 0.7842610002626316, "reply": "{\"helloOk\": true, \"ismaster\": true, \"topologyVersion\": {\"processId\": {\"$oid\": \"68791a4e03f9a85dccbcf8c0\"}}, \"maxBsonObjectSize\": 16777216, \"maxMessageSizeBytes\": 48000000, \"maxWriteBatchSize\": 100000, \"localTime\": {\"$date\": \"2025-07-17T17:16:20.055Z\"}, \"logicalSessionTimeoutMinutes\": 30, \"connectionId\": 40, \"maxWireVersion\": 25, \"ok\": 1.0}"}
17/07/2025 14:16:20 - DEBUG - {"message": "Connection pool ready", "clientId": {"$oid": "68792fc59978f478be0eea24"}, "serverHost": "localhost", "serverPort": 27017}
17/07/2025 14:16:20 - DEBUG - {"message": "Topology description changed", "topologyId": {"$oid": "68792fc59978f478be0eea24"}, "previousDescription": "<TopologyDescription id: 68792fc59978f478be0eea24, topology_type: Unknown, servers: [<ServerDescription ('localhost', 27017) server_type: Unknown, rtt: None>]>", "newDescription": "<TopologyDescription id: 68792fc59978f478be0eea24, topology_type: Single, servers: [<ServerDescription ('localhost', 27017) server_type: Standalone, rtt: 0.0007842610002626316>]>"}
17/07/2025 14:16:20 - DEBUG - {"message": "Server selection succeeded", "selector": "Primary()", "operation": "find", "topologyDescription": "<TopologyDescription id: 68792fc59978f478be0eea24, topology_type: Single, servers: [<ServerDescription ('localhost', 27017) server_type: Standalone, rtt: 0.0007842610002626316>]>", "clientId": {"$oid": "68792fc59978f478be0eea24"}, "serverHost": "localhost", "serverPort": 27017}
17/07/2025 14:16:20 - DEBUG - {"message": "Connection checkout started", "clientId": {"$oid": "68792fc59978f478be0eea24"}, "serverHost": "localhost", "serverPort": 27017}
17/07/2025 14:16:20 - DEBUG - {"message": "Server heartbeat started", "topologyId": {"$oid": "68792fc59978f478be0eea24"}, "driverConnectionId": 1, "serverConnectionId": 40, "serverHost": "localhost", "serverPort": 27017, "awaited": true}
17/07/2025 14:16:20 - DEBUG - {"message": "Connection created", "clientId": {"$oid": "68792fc59978f478be0eea24"}, "serverHost": "localhost", "serverPort": 27017, "driverConnectionId": 1}
17/07/2025 14:16:20 - DEBUG - {"message": "Connection ready", "clientId": {"$oid": "68792fc59978f478be0eea24"}, "serverHost": "localhost", "serverPort": 27017, "driverConnectionId": 1, "durationMS": 0.0009374960000059218}
17/07/2025 14:16:20 - DEBUG - {"message": "Connection checked out", "clientId": {"$oid": "68792fc59978f478be0eea24"}, "serverHost": "localhost", "serverPort": 27017, "driverConnectionId": 1, "durationMS": 0.00325717500072642}
17/07/2025 14:16:20 - DEBUG - {"message": "Command started", "clientId": {"$oid": "68792fc59978f478be0eea24"}, "command": "{\"find\": \"pessoas\", \"lsid\": {\"id\": {\"$binary\": {\"base64\": \"b8FXqgt/T8+NFruabAvkCQ==\", \"subType\": \"04\"}}}, \"$db\": \"mydb2\"}", "commandName": "find", "databaseName": "mydb2", "requestId": 1957747793, "operationId": 1957747793, "driverConnectionId": 1, "serverConnectionId": 42, "serverHost": "localhost", "serverPort": 27017}
17/07/2025 14:16:20 - DEBUG - {"message": "Command succeeded", "clientId": {"$oid": "68792fc59978f478be0eea24"}, "durationMS": 1.262, "reply": "{\"cursor\": {\"firstBatch\": [{\"_id\": {\"$oid\": \"687922af77e739465a7a4653\"}, \"nome\": \"Breno\", \"email\": \"breno@example.com\", \"idade\": 18, \"telefone\": \"string\", \"profissao\": \"string\"}], \"ns\": \"mydb2.pessoas\"}, \"ok\": 1.0}", "commandName": "find", "databaseName": "mydb2", "requestId": 1957747793, "operationId": 1957747793, "driverConnectionId": 1, "serverConnectionId": 42, "serverHost": "localhost", "serverPort": 27017}
17/07/2025 14:16:20 - DEBUG - {"message": "Connection checked in", "clientId": {"$oid": "68792fc59978f478be0eea24"}, "serverHost": "localhost", "serverPort": 27017, "driverConnectionId": 1}
17/07/2025 14:16:30 - DEBUG - {"message": "Server heartbeat succeeded", "topologyId": {"$oid": "68792fc59978f478be0eea24"}, "driverConnectionId": 1, "serverConnectionId": 40, "serverHost": "localhost", "serverPort": 27017, "awaited": true, "durationMS": 10022.410487999878, "reply": "{\"isWritablePrimary\": true, \"topologyVersion\": {\"processId\": {\"$oid\": \"68791a4e03f9a85dccbcf8c0\"}}, \"maxBsonObjectSize\": 16777216, \"maxMessageSizeBytes\": 48000000, \"maxWriteBatchSize\": 100000, \"localTime\": {\"$date\": \"2025-07-17T17:16:30.080Z\"}, \"logicalSessionTimeoutMinutes\": 30, \"connectionId\": 40, \"maxWireVersion\": 25, \"ok\": 1.0}"}
17/07/2025 14:16:30 - DEBUG - {"message": "Server heartbeat started", "topologyId": {"$oid": "68792fc59978f478be0eea24"}, "driverConnectionId": 1, "serverConnectionId": 40, "serverHost": "localhost", "serverPort": 27017, "awaited": true}
17/07/2025 14:16:40 - DEBUG - {"message": "Server heartbeat succeeded", "topologyId": {"$oid": "68792fc59978f478be0eea24"}, "driverConnectionId": 1, "serverConnectionId": 40, "serverHost": "localhost", "serverPort": 27017, "awaited": true, "durationMS": 10048.704372999964, "reply": "{\"isWritablePrimary\": true, \"topologyVersion\": {\"processId\": {\"$oid\": \"68791a4e03f9a85dccbcf8c0\"}}, \"maxBsonObjectSize\": 16777216, \"maxMessageSizeBytes\": 48000000, \"maxWriteBatchSize\": 100000, \"localTime\": {\"$date\": \"2025-07-17T17:16:40.130Z\"}, \"logicalSessionTimeoutMinutes\": 30, \"connectionId\": 40, \"maxWireVersion\": 25, \"ok\": 1.0}"}
17/07/2025 14:16:40 - DEBUG - {"message": "Server heartbeat started", "topologyId": {"$oid": "68792fc59978f478be0eea24"}, "driverConnectionId": 1, "serverConnectionId": 40, "serverHost": "localhost", "serverPort": 27017, "awaited": true}
17/07/2025 14:16:50 - DEBUG - {"message": "Server heartbeat succeeded", "topologyId": {"$oid": "68792fc59978f478be0eea24"}, "driverConnectionId": 1, "serverConnectionId": 40, "serverHost": "localhost", "serverPort": 27017, "awaited": true, "durationMS": 10025.066806999348, "reply": "{\"isWritablePrimary\": true, \"topologyVersion\": {\"processId\": {\"$oid\": \"68791a4e03f9a85dccbcf8c0\"}}, \"maxBsonObjectSize\": 16777216, \"maxMessageSizeBytes\": 48000000, \"maxWriteBatchSize\": 100000, \"localTime\": {\"$date\": \"2025-07-17T17:16:50.156Z\"}, \"logicalSessionTimeoutMinutes\": 30, \"connectionId\": 40, \"maxWireVersion\": 25, \"ok\": 1.0}"}
17/07/2025 14:16:50 - DEBUG - {"message": "Server heartbeat started", "topologyId": {"$oid": "68792fc59978f478be0eea24"}, "driverConnectionId": 1, "serverConnectionId": 40, "serverHost": "localhost", "serverPort": 27017, "awaited": true}
17/07/2025 14:17:00 - DEBUG - {"message": "Server heartbeat succeeded", "topologyId": {"$oid": "68792fc59978f478be0eea24"}, "driverConnectionId": 1, "serverConnectionId": 40, "serverHost": "localhost", "serverPort": 27017, "awaited": true, "durationMS": 10045.431413999722, "reply": "{\"isWritablePrimary\": true, \"topologyVersion\": {\"processId\": {\"$oid\": \"68791a4e03f9a85dccbcf8c0\"}}, \"maxBsonObjectSize\": 16777216, \"maxMessageSizeBytes\": 48000000, \"maxWriteBatchSize\": 100000, \"localTime\": {\"$date\": \"2025-07-17T17:17:00.203Z\"}, \"logicalSessionTimeoutMinutes\": 30, \"connectionId\": 40, \"maxWireVersion\": 25, \"ok\": 1.0}"}
17/07/2025 14:17:00 - DEBUG - {"message": "Server heartbeat started", "topologyId": {"$oid": "68792fc59978f478be0eea24"}, "driverConnectionId": 1, "serverConnectionId": 40, "serverHost": "localhost", "serverPort": 27017, "awaited": true}
17/07/2025 14:17:10 - DEBUG - {"message": "Server heartbeat succeeded", "topologyId": {"$oid": "68792fc59978f478be0eea24"}, "driverConnectionId": 1, "serverConnectionId": 40, "serverHost": "localhost", "serverPort": 27017, "awaited": true, "durationMS": 10005.9187880006, "reply": "{\"isWritablePrimary\": true, \"topologyVersion\": {\"processId\": {\"$oid\": \"68791a4e03f9a85dccbcf8c0\"}}, \"maxBsonObjectSize\": 16777216, \"maxMessageSizeBytes\": 48000000, \"maxWriteBatchSize\": 100000, \"localTime\": {\"$date\": \"2025-07-17T17:17:10.209Z\"}, \"logicalSessionTimeoutMinutes\": 30, \"connectionId\": 40, \"maxWireVersion\": 25, \"ok\": 1.0}"}
17/07/2025 14:17:10 - DEBUG - {"message": "Server heartbeat started", "topologyId": {"$oid": "68792fc59978f478be0eea24"}, "driverConnectionId": 1, "serverConnectionId": 40, "serverHost": "localhost", "serverPort": 27017, "awaited": true}
17/07/2025 14:17:20 - DEBUG - {"message": "Server heartbeat succeeded", "topologyId": {"$oid": "68792fc59978f478be0eea24"}, "driverConnectionId": 1, "serverConnectionId": 40, "serverHost": "localhost", "serverPort": 27017, "awaited": true, "durationMS": 10045.609372999934, "reply": "{\"isWritablePrimary\": true, \"topologyVersion\": {\"processId\": {\"$oid\": \"68791a4e03f9a85dccbcf8c0\"}}, \"maxBsonObjectSize\": 16777216, \"maxMessageSizeBytes\": 48000000, \"maxWriteBatchSize\": 100000, \"localTime\": {\"$date\": \"2025-07-17T17:17:20.256Z\"}, \"logicalSessionTimeoutMinutes\": 30, \"connectionId\": 40, \"maxWireVersion\": 25, \"ok\": 1.0}"}
17/07/2025 14:17:20 - DEBUG - {"message": "Server heartbeat started", "topologyId": {"$oid": "68792fc59978f478be0eea24"}, "driverConnectionId": 1, "serverConnectionId": 40, "serverHost": "localhost", "serverPort": 27017, "awaited": true}
17/07/2025 14:17:30 - DEBUG - {"message": "Server heartbeat succeeded", "topologyId": {"$oid": "68792fc59978f478be0eea24"}, "driverConnectionId": 1, "serverConnectionId": 40, "serverHost": "localhost", "serverPort": 27017, "awaited": true, "durationMS": 10023.16855800018, "reply": "{\"isWritablePrimary\": true, \"topologyVersion\": {\"processId\": {\"$oid\": \"68791a4e03f9a85dccbcf8c0\"}}, \"maxBsonObjectSize\": 16777216, \"maxMessageSizeBytes\": 48000000, \"maxWriteBatchSize\": 100000, \"localTime\": {\"$date\": \"2025-07-17T17:17:30.280Z\"}, \"logicalSessionTimeoutMinutes\": 30, \"connectionId\": 40, \"maxWireVersion\": 25, \"ok\": 1.0}"}
17/07/2025 14:17:30 - DEBUG - {"message": "Server heartbeat started", "topologyId": {"$oid": "68792fc59978f478be0eea24"}, "driverConnectionId": 1, "serverConnectionId": 40, "serverHost": "localhost", "serverPort": 27017, "awaited": true}
17/07/2025 14:17:40 - DEBUG - {"message": "Server heartbeat succeeded", "topologyId": {"$oid": "68792fc59978f478be0eea24"}, "driverConnectionId": 1, "serverConnectionId": 40, "serverHost": "localhost", "serverPort": 27017, "awaited": true, "durationMS": 10048.615812999742, "reply": "{\"isWritablePrimary\": true, \"topologyVersion\": {\"processId\": {\"$oid\": \"68791a4e03f9a85dccbcf8c0\"}}, \"maxBsonObjectSize\": 16777216, \"maxMessageSizeBytes\": 48000000, \"maxWriteBatchSize\": 100000, \"localTime\": {\"$date\": \"2025-07-17T17:17:40.330Z\"}, \"logicalSessionTimeoutMinutes\": 30, \"connectionId\": 40, \"maxWireVersion\": 25, \"ok\": 1.0}"}
17/07/2025 14:17:40 - DEBUG - {"message": "Server heartbeat started", "topologyId": {"$oid": "68792fc59978f478be0eea24"}, "driverConnectionId": 1, "serverConnectionId": 40, "serverHost": "localhost", "serverPort": 27017, "awaited": true}
17/07/2025 14:17:50 - DEBUG - {"message": "Server heartbeat succeeded", "topologyId": {"$oid": "68792fc59978f478be0eea24"}, "driverConnectionId": 1, "serverConnectionId": 40, "serverHost": "localhost", "serverPort": 27017, "awaited": true, "durationMS": 10011.842758999592, "reply": "{\"isWritablePrimary\": true, \"topologyVersion\": {\"processId\": {\"$oid\": \"68791a4e03f9a85dccbcf8c0\"}}, \"maxBsonObjectSize\": 16777216, \"maxMessageSizeBytes\": 48000000, \"maxWriteBatchSize\": 100000, \"localTime\": {\"$date\": \"2025-07-17T17:17:50.343Z\"}, \"logicalSessionTimeoutMinutes\": 30, \"connectionId\": 40, \"maxWireVersion\": 25, \"ok\": 1.0}"}
17/07/2025 14:17:50 - DEBUG - {"message": "Server heartbeat started", "topologyId": {"$oid": "68792fc59978f478be0eea24"}, "driverConnectionId": 1, "serverConnectionId": 40, "serverHost": "localhost", "serverPort": 27017, "awaited": true}
17/07/2025 14:18:00 - DEBUG - {"message": "Server heartbeat succeeded", "topologyId": {"$oid": "68792fc59978f478be0eea24"}, "driverConnectionId": 1, "serverConnectionId": 40, "serverHost": "localhost", "serverPort": 27017, "awaited": true, "durationMS": 10046.04267600007, "reply": "{\"isWritablePrimary\": true, \"topologyVersion\": {\"processId\": {\"$oid\": \"68791a4e03f9a85dccbcf8c0\"}}, \"maxBsonObjectSize\": 16777216, \"maxMessageSizeBytes\": 48000000, \"maxWriteBatchSize\": 100000, \"localTime\": {\"$date\": \"2025-07-17T17:18:00.390Z\"}, \"logicalSessionTimeoutMinutes\": 30, \"connectionId\": 40, \"maxWireVersion\": 25, \"ok\": 1.0}"}
17/07/2025 14:18:00 - DEBUG - {"message": "Server heartbeat started", "topologyId": {"$oid": "68792fc59978f478be0eea24"}, "driverConnectionId": 1, "serverConnectionId": 40, "serverHost": "localhost", "serverPort": 27017, "awaited": true}
17/07/2025 14:18:10 - DEBUG - {"message": "Server heartbeat succeeded", "topologyId": {"$oid": "68792fc59978f478be0eea24"}, "driverConnectionId": 1, "serverConnectionId": 40, "serverHost": "localhost", "serverPort": 27017, "awaited": true, "durationMS": 10049.671900999783, "reply": "{\"isWritablePrimary\": true, \"topologyVersion\": {\"processId\": {\"$oid\": \"68791a4e03f9a85dccbcf8c0\"}}, \"maxBsonObjectSize\": 16777216, \"maxMessageSizeBytes\": 48000000, \"maxWriteBatchSize\": 100000, \"localTime\": {\"$date\": \"2025-07-17T17:18:10.441Z\"}, \"logicalSessionTimeoutMinutes\": 30, \"connectionId\": 40, \"maxWireVersion\": 25, \"ok\": 1.0}"}
17/07/2025 14:18:10 - DEBUG - {"message": "Server heartbeat started", "topologyId": {"$oid": "68792fc59978f478be0eea24"}, "driverConnectionId": 1, "serverConnectionId": 40, "serverHost": "localhost", "serverPort": 27017, "awaited": true}
17/07/2025 14:18:20 - DEBUG - {"message": "Server heartbeat succeeded", "topologyId": {"$oid": "68792fc59978f478be0eea24"}, "driverConnectionId": 1, "serverConnectionId": 40, "serverHost": "localhost", "serverPort": 27017, "awaited": true, "durationMS": 10011.41420500062, "reply": "{\"isWritablePrimary\": true, \"topologyVersion\": {\"processId\": {\"$oid\": \"68791a4e03f9a85dccbcf8c0\"}}, \"maxBsonObjectSize\": 16777216, \"maxMessageSizeBytes\": 48000000, \"maxWriteBatchSize\": 100000, \"localTime\": {\"$date\": \"2025-07-17T17:18:20.453Z\"}, \"logicalSessionTimeoutMinutes\": 30, \"connectionId\": 40, \"maxWireVersion\": 25, \"ok\": 1.0}"}
17/07/2025 14:18:20 - DEBUG - {"message": "Server heartbeat started", "topologyId": {"$oid": "68792fc59978f478be0eea24"}, "driverConnectionId": 1, "serverConnectionId": 40, "serverHost": "localhost", "serverPort": 27017, "awaited": true}
17/07/2025 14:18:30 - DEBUG - {"message": "Server heartbeat succeeded", "topologyId": {"$oid": "68792fc59978f478be0eea24"}, "driverConnectionId": 1, "serverConnectionId": 40, "serverHost": "localhost", "serverPort": 27017, "awaited": true, "durationMS": 10049.816544999885, "reply": "{\"isWritablePrimary\": true, \"topologyVersion\": {\"processId\": {\"$oid\": \"68791a4e03f9a85dccbcf8c0\"}}, \"maxBsonObjectSize\": 16777216, \"maxMessageSizeBytes\": 48000000, \"maxWriteBatchSize\": 100000, \"localTime\": {\"$date\": \"2025-07-17T17:18:30.504Z\"}, \"logicalSessionTimeoutMinutes\": 30, \"connectionId\": 40, \"maxWireVersion\": 25, \"ok\": 1.0}"}
17/07/2025 14:18:30 - DEBUG - {"message": "Server heartbeat started", "topologyId": {"$oid": "68792fc59978f478be0eea24"}, "driverConnectionId": 1, "serverConnectionId": 40, "serverHost": "localhost", "serverPort": 27017, "awaited": true}
17/07/2025 14:18:40 - DEBUG - {"message": "Server heartbeat succeeded", "topologyId": {"$oid": "68792fc59978f478be0eea24"}, "driverConnectionId": 1, "serverConnectionId": 40, "serverHost": "localhost", "serverPort": 27017, "awaited": true, "durationMS": 10023.263404000318, "reply": "{\"isWritablePrimary\": true, \"topologyVersion\": {\"processId\": {\"$oid\": \"68791a4e03f9a85dccbcf8c0\"}}, \"maxBsonObjectSize\": 16777216, \"maxMessageSizeBytes\": 48000000, \"maxWriteBatchSize\": 100000, \"localTime\": {\"$date\": \"2025-07-17T17:18:40.529Z\"}, \"logicalSessionTimeoutMinutes\": 30, \"connectionId\": 40, \"maxWireVersion\": 25, \"ok\": 1.0}"}
17/07/2025 14:18:40 - DEBUG - {"message": "Server heartbeat started", "topologyId": {"$oid": "68792fc59978f478be0eea24"}, "driverConnectionId": 1, "serverConnectionId": 40, "serverHost": "localhost", "serverPort": 27017, "awaited": true}
17/07/2025 14:18:50 - DEBUG - {"message": "Server heartbeat succeeded", "topologyId": {"$oid": "68792fc59978f478be0eea24"}, "driverConnectionId": 1, "serverConnectionId": 40, "serverHost": "localhost", "serverPort": 27017, "awaited": true, "durationMS": 10048.601984000015, "reply": "{\"isWritablePrimary\": true, \"topologyVersion\": {\"processId\": {\"$oid\": \"68791a4e03f9a85dccbcf8c0\"}}, \"maxBsonObjectSize\": 16777216, \"maxMessageSizeBytes\": 48000000, \"maxWriteBatchSize\": 100000, \"localTime\": {\"$date\": \"2025-07-17T17:18:50.578Z\"}, \"logicalSessionTimeoutMinutes\": 30, \"connectionId\": 40, \"maxWireVersion\": 25, \"ok\": 1.0}"}
17/07/2025 14:18:50 - DEBUG - {"message": "Server heartbeat started", "topologyId": {"$oid": "68792fc59978f478be0eea24"}, "driverConnectionId": 1, "serverConnectionId": 40, "serverHost": "localhost", "serverPort": 27017, "awaited": true}
17/07/2025 14:19:00 - DEBUG - {"message": "Server heartbeat succeeded", "topologyId": {"$oid": "68792fc59978f478be0eea24"}, "driverConnectionId": 1, "serverConnectionId": 40, "serverHost": "localhost", "serverPort": 27017, "awaited": true, "durationMS": 10047.696265999548, "reply": "{\"isWritablePrimary\": true, \"topologyVersion\": {\"processId\": {\"$oid\": \"68791a4e03f9a85dccbcf8c0\"}}, \"maxBsonObjectSize\": 16777216, \"maxMessageSizeBytes\": 48000000, \"maxWriteBatchSize\": 100000, \"localTime\": {\"$date\": \"2025-07-17T17:19:00.628Z\"}, \"logicalSessionTimeoutMinutes\": 30, \"connectionId\": 40, \"maxWireVersion\": 25, \"ok\": 1.0}"}
17/07/2025 14:19:00 - DEBUG - {"message": "Server heartbeat started", "topologyId": {"$oid": "68792fc59978f478be0eea24"}, "driverConnectionId": 1, "serverConnectionId": 40, "serverHost": "localhost", "serverPort": 27017, "awaited": true}
17/07/2025 14:19:10 - DEBUG - {"message": "Server heartbeat succeeded", "topologyId": {"$oid": "68792fc59978f478be0eea24"}, "driverConnectionId": 1, "serverConnectionId": 40, "serverHost": "localhost", "serverPort": 27017, "awaited": true, "durationMS": 10048.777707999761, "reply": "{\"isWritablePrimary\": true, \"topologyVersion\": {\"processId\": {\"$oid\": \"68791a4e03f9a85dccbcf8c0\"}}, \"maxBsonObjectSize\": 16777216, \"maxMessageSizeBytes\": 48000000, \"maxWriteBatchSize\": 100000, \"localTime\": {\"$date\": \"2025-07-17T17:19:10.678Z\"}, \"logicalSessionTimeoutMinutes\": 30, \"connectionId\": 40, \"maxWireVersion\": 25, \"ok\": 1.0}"}
17/07/2025 14:19:10 - DEBUG - {"message": "Server heartbeat started", "topologyId": {"$oid": "68792fc59978f478be0eea24"}, "driverConnectionId": 1, "serverConnectionId": 40, "serverHost": "localhost", "serverPort": 27017, "awaited": true}
17/07/2025 14:19:20 - DEBUG - {"message": "Server heartbeat succeeded", "topologyId": {"$oid": "68792fc59978f478be0eea24"}, "driverConnectionId": 1, "serverConnectionId": 40, "serverHost": "localhost", "serverPort": 27017, "awaited": true, "durationMS": 10039.611451999917, "reply": "{\"isWritablePrimary\": true, \"topologyVersion\": {\"processId\": {\"$oid\": \"68791a4e03f9a85dccbcf8c0\"}}, \"maxBsonObjectSize\": 16777216, \"maxMessageSizeBytes\": 48000000, \"maxWriteBatchSize\": 100000, \"localTime\": {\"$date\": \"2025-07-17T17:19:20.718Z\"}, \"logicalSessionTimeoutMinutes\": 30, \"connectionId\": 40, \"maxWireVersion\": 25, \"ok\": 1.0}"}
17/07/2025 14:19:20 - DEBUG - {"message": "Server heartbeat started", "topologyId": {"$oid": "68792fc59978f478be0eea24"}, "driverConnectionId": 1, "serverConnectionId": 40, "serverHost": "localhost", "serverPort": 27017, "awaited": true}
17/07/2025 14:19:30 - DEBUG - {"message": "Server heartbeat succeeded", "topologyId": {"$oid": "68792fc59978f478be0eea24"}, "driverConnectionId": 1, "serverConnectionId": 40, "serverHost": "localhost", "serverPort": 27017, "awaited": true, "durationMS": 10048.232197000289, "reply": "{\"isWritablePrimary\": true, \"topologyVersion\": {\"processId\": {\"$oid\": \"68791a4e03f9a85dccbcf8c0\"}}, \"maxBsonObjectSize\": 16777216, \"maxMessageSizeBytes\": 48000000, \"maxWriteBatchSize\": 100000, \"localTime\": {\"$date\": \"2025-07-17T17:19:30.767Z\"}, \"logicalSessionTimeoutMinutes\": 30, \"connectionId\": 40, \"maxWireVersion\": 25, \"ok\": 1.0}"}
17/07/2025 14:19:30 - DEBUG - {"message": "Server heartbeat started", "topologyId": {"$oid": "68792fc59978f478be0eea24"}, "driverConnectionId": 1, "serverConnectionId": 40, "serverHost": "localhost", "serverPort": 27017, "awaited": true}
17/07/2025 14:19:40 - DEBUG - {"message": "Server heartbeat succeeded", "topologyId": {"$oid": "68792fc59978f478be0eea24"}, "driverConnectionId": 1, "serverConnectionId": 40, "serverHost": "localhost", "serverPort": 27017, "awaited": true, "durationMS": 10030.053802999646, "reply": "{\"isWritablePrimary\": true, \"topologyVersion\": {\"processId\": {\"$oid\": \"68791a4e03f9a85dccbcf8c0\"}}, \"maxBsonObjectSize\": 16777216, \"maxMessageSizeBytes\": 48000000, \"maxWriteBatchSize\": 100000, \"localTime\": {\"$date\": \"2025-07-17T17:19:40.798Z\"}, \"logicalSessionTimeoutMinutes\": 30, \"connectionId\": 40, \"maxWireVersion\": 25, \"ok\": 1.0}"}
17/07/2025 14:19:40 - DEBUG - {"message": "Server heartbeat started", "topologyId": {"$oid": "68792fc59978f478be0eea24"}, "driverConnectionId": 1, "serverConnectionId": 40, "serverHost": "localhost", "serverPort": 27017, "awaited": true}
17/07/2025 14:19:50 - DEBUG - {"message": "Server heartbeat succeeded", "topologyId": {"$oid": "68792fc59978f478be0eea24"}, "driverConnectionId": 1, "serverConnectionId": 40, "serverHost": "localhost", "serverPort": 27017, "awaited": true, "durationMS": 10050.079251999705, "reply": "{\"isWritablePrimary\": true, \"topologyVersion\": {\"processId\": {\"$oid\": \"68791a4e03f9a85dccbcf8c0\"}}, \"maxBsonObjectSize\": 16777216, \"maxMessageSizeBytes\": 48000000, \"maxWriteBatchSize\": 100000, \"localTime\": {\"$date\": \"2025-07-17T17:19:50.849Z\"}, \"logicalSessionTimeoutMinutes\": 30, \"connectionId\": 40, \"maxWireVersion\": 25, \"ok\": 1.0}"}
17/07/2025 14:19:50 - DEBUG - {"message": "Server heartbeat started", "topologyId": {"$oid": "68792fc59978f478be0eea24"}, "driverConnectionId": 1, "serverConnectionId": 40, "serverHost": "localhost", "serverPort": 27017, "awaited": true}
17/07/2025 14:20:00 - DEBUG - {"message": "Server heartbeat succeeded", "topologyId": {"$oid": "68792fc59978f478be0eea24"}, "driverConnectionId": 1, "serverConnectionId": 40, "serverHost": "localhost", "serverPort": 27017, "awaited": true, "durationMS": 10005.358824999348, "reply": "{\"isWritablePrimary\": true, \"topologyVersion\": {\"processId\": {\"$oid\": \"68791a4e03f9a85dccbcf8c0\"}}, \"maxBsonObjectSize\": 16777216, \"maxMessageSizeBytes\": 48000000, \"maxWriteBatchSize\": 100000, \"localTime\": {\"$date\": \"2025-07-17T17:20:00.856Z\"}, \"logicalSessionTimeoutMinutes\": 30, \"connectionId\": 40, \"maxWireVersion\": 25, \"ok\": 1.0}"}
17/07/2025 14:20:00 - DEBUG - {"message": "Server heartbeat started", "topologyId": {"$oid": "68792fc59978f478be0eea24"}, "driverConnectionId": 1, "serverConnectionId": 40, "serverHost": "localhost", "serverPort": 27017, "awaited": true}
17/07/2025 14:20:10 - DEBUG - {"message": "Server heartbeat succeeded", "topologyId": {"$oid": "68792fc59978f478be0eea24"}, "driverConnectionId": 1, "serverConnectionId": 40, "serverHost": "localhost", "serverPort": 27017, "awaited": true, "durationMS": 10026.833506000003, "reply": "{\"isWritablePrimary\": true, \"topologyVersion\": {\"processId\": {\"$oid\": \"68791a4e03f9a85dccbcf8c0\"}}, \"maxBsonObjectSize\": 16777216, \"maxMessageSizeBytes\": 48000000, \"maxWriteBatchSize\": 100000, \"localTime\": {\"$date\": \"2025-07-17T17:20:10.883Z\"}, \"logicalSessionTimeoutMinutes\": 30, \"connectionId\": 40, \"maxWireVersion\": 25, \"ok\": 1.0}"}
17/07/2025 14:20:10 - DEBUG - {"message": "Server heartbeat started", "topologyId": {"$oid": "68792fc59978f478be0eea24"}, "driverConnectionId": 1, "serverConnectionId": 40, "serverHost": "localhost", "serverPort": 27017, "awaited": true}
17/07/2025 14:20:20 - DEBUG - {"message": "Server heartbeat succeeded", "topologyId": {"$oid": "68792fc59978f478be0eea24"}, "driverConnectionId": 1, "serverConnectionId": 40, "serverHost": "localhost", "serverPort": 27017, "awaited": true, "durationMS": 10049.252316999628, "reply": "{\"isWritablePrimary\": true, \"topologyVersion\": {\"processId\": {\"$oid\": \"68791a4e03f9a85dccbcf8c0\"}}, \"maxBsonObjectSize\": 16777216, \"maxMessageSizeBytes\": 48000000, \"maxWriteBatchSize\": 100000, \"localTime\": {\"$date\": \"2025-07-17T17:20:20.934Z\"}, \"logicalSessionTimeoutMinutes\": 30, \"connectionId\": 40, \"maxWireVersion\": 25, \"ok\": 1.0}"}
17/07/2025 14:20:20 - DEBUG - {"message": "Server heartbeat started", "topologyId": {"$oid": "68792fc59978f478be0eea24"}, "driverConnectionId": 1, "serverConnectionId": 40, "serverHost": "localhost", "serverPort": 27017, "awaited": true}
17/07/2025 14:20:30 - DEBUG - {"message": "Server heartbeat succeeded", "topologyId": {"$oid": "68792fc59978f478be0eea24"}, "driverConnectionId": 1, "serverConnectionId": 40, "serverHost": "localhost", "serverPort": 27017, "awaited": true, "durationMS": 10038.836776000608, "reply": "{\"isWritablePrimary\": true, \"topologyVersion\": {\"processId\": {\"$oid\": \"68791a4e03f9a85dccbcf8c0\"}}, \"maxBsonObjectSize\": 16777216, \"maxMessageSizeBytes\": 48000000, \"maxWriteBatchSize\": 100000, \"localTime\": {\"$date\": \"2025-07-17T17:20:30.984Z\"}, \"logicalSessionTimeoutMinutes\": 30, \"connectionId\": 40, \"maxWireVersion\": 25, \"ok\": 1.0}"}
17/07/2025 14:20:30 - DEBUG - {"message": "Server heartbeat started", "topologyId": {"$oid": "68792fc59978f478be0eea24"}, "driverConnectionId": 1, "serverConnectionId": 40, "serverHost": "localhost", "serverPort": 27017, "awaited": true}
17/07/2025 14:20:41 - DEBUG - {"message": "Server heartbeat succeeded", "topologyId": {"$oid": "68792fc59978f478be0eea24"}, "driverConnectionId": 1, "serverConnectionId": 40, "serverHost": "localhost", "serverPort": 27017, "awaited": true, "durationMS": 10047.335977999865, "reply": "{\"isWritablePrimary\": true, \"topologyVersion\": {\"processId\": {\"$oid\": \"68791a4e03f9a85dccbcf8c0\"}}, \"maxBsonObjectSize\": 16777216, \"maxMessageSizeBytes\": 48000000, \"maxWriteBatchSize\": 100000, \"localTime\": {\"$date\": \"2025-07-17T17:20:41.032Z\"}, \"logicalSessionTimeoutMinutes\": 30, \"connectionId\": 40, \"maxWireVersion\": 25, \"ok\": 1.0}"}
17/07/2025 14:20:41 - DEBUG - {"message": "Server heartbeat started", "topologyId": {"$oid": "68792fc59978f478be0eea24"}, "driverConnectionId": 1, "serverConnectionId": 40, "serverHost": "localhost", "serverPort": 27017, "awaited": true}
17/07/2025 14:20:51 - DEBUG - {"message": "Server heartbeat succeeded", "topologyId": {"$oid": "68792fc59978f478be0eea24"}, "driverConnectionId": 1, "serverConnectionId": 40, "serverHost": "localhost", "serverPort": 27017, "awaited": true, "durationMS": 10048.954856999444, "reply": "{\"isWritablePrimary\": true, \"topologyVersion\": {\"processId\": {\"$oid\": \"68791a4e03f9a85dccbcf8c0\"}}, \"maxBsonObjectSize\": 16777216, \"maxMessageSizeBytes\": 48000000, \"maxWriteBatchSize\": 100000, \"localTime\": {\"$date\": \"2025-07-17T17:20:51.082Z\"}, \"logicalSessionTimeoutMinutes\": 30, \"connectionId\": 40, \"maxWireVersion\": 25, \"ok\": 1.0}"}
17/07/2025 14:20:51 - DEBUG - {"message": "Server heartbeat started", "topologyId": {"$oid": "68792fc59978f478be0eea24"}, "driverConnectionId": 1, "serverConnectionId": 40, "serverHost": "localhost", "serverPort": 27017, "awaited": true}
17/07/2025 14:21:01 - DEBUG - {"message": "Server heartbeat succeeded", "topologyId": {"$oid": "68792fc59978f478be0eea24"}, "driverConnectionId": 1, "serverConnectionId": 40, "serverHost": "localhost", "serverPort": 27017, "awaited": true, "durationMS": 10048.351488999288, "reply": "{\"isWritablePrimary\": true, \"topologyVersion\": {\"processId\": {\"$oid\": \"68791a4e03f9a85dccbcf8c0\"}}, \"maxBsonObjectSize\": 16777216, \"maxMessageSizeBytes\": 48000000, \"maxWriteBatchSize\": 100000, \"localTime\": {\"$date\": \"2025-07-17T17:21:01.131Z\"}, \"logicalSessionTimeoutMinutes\": 30, \"connectionId\": 40, \"maxWireVersion\": 25, \"ok\": 1.0}"}
17/07/2025 14:21:01 - DEBUG - {"message": "Server heartbeat started", "topologyId": {"$oid": "68792fc59978f478be0eea24"}, "driverConnectionId": 1, "serverConnectionId": 40, "serverHost": "localhost", "serverPort": 27017, "awaited": true}
17/07/2025 14:21:11 - DEBUG - {"message": "Server heartbeat succeeded", "topologyId": {"$oid": "68792fc59978f478be0eea24"}, "driverConnectionId": 1, "serverConnectionId": 40, "serverHost": "localhost", "serverPort": 27017, "awaited": true, "durationMS": 10012.770719999935, "reply": "{\"isWritablePrimary\": true, \"topologyVersion\": {\"processId\": {\"$oid\": \"68791a4e03f9a85dccbcf8c0\"}}, \"maxBsonObjectSize\": 16777216, \"maxMessageSizeBytes\": 48000000, \"maxWriteBatchSize\": 100000, \"localTime\": {\"$date\": \"2025-07-17T17:21:11.145Z\"}, \"logicalSessionTimeoutMinutes\": 30, \"connectionId\": 40, \"maxWireVersion\": 25, \"ok\": 1.0}"}
17/07/2025 14:21:11 - DEBUG - {"message": "Server heartbeat started", "topologyId": {"$oid": "68792fc59978f478be0eea24"}, "driverConnectionId": 1, "serverConnectionId": 40, "serverHost": "localhost", "serverPort": 27017, "awaited": true}
17/07/2025 14:21:21 - DEBUG - {"message": "Server heartbeat succeeded", "topologyId": {"$oid": "68792fc59978f478be0eea24"}, "driverConnectionId": 1, "serverConnectionId": 40, "serverHost": "localhost", "serverPort": 27017, "awaited": true, "durationMS": 10019.651183999486, "reply": "{\"isWritablePrimary\": true, \"topologyVersion\": {\"processId\": {\"$oid\": \"68791a4e03f9a85dccbcf8c0\"}}, \"maxBsonObjectSize\": 16777216, \"maxMessageSizeBytes\": 48000000, \"maxWriteBatchSize\": 100000, \"localTime\": {\"$date\": \"2025-07-17T17:21:21.166Z\"}, \"logicalSessionTimeoutMinutes\": 30, \"connectionId\": 40, \"maxWireVersion\": 25, \"ok\": 1.0}"}
17/07/2025 14:21:21 - DEBUG - {"message": "Server heartbeat started", "topologyId": {"$oid": "68792fc59978f478be0eea24"}, "driverConnectionId": 1, "serverConnectionId": 40, "serverHost": "localhost", "serverPort": 27017, "awaited": true}
17/07/2025 14:21:31 - DEBUG - {"message": "Server heartbeat succeeded", "topologyId": {"$oid": "68792fc59978f478be0eea24"}, "driverConnectionId": 1, "serverConnectionId": 40, "serverHost": "localhost", "serverPort": 27017, "awaited": true, "durationMS": 10048.330814999645, "reply": "{\"isWritablePrimary\": true, \"topologyVersion\": {\"processId\": {\"$oid\": \"68791a4e03f9a85dccbcf8c0\"}}, \"maxBsonObjectSize\": 16777216, \"maxMessageSizeBytes\": 48000000, \"maxWriteBatchSize\": 100000, \"localTime\": {\"$date\": \"2025-07-17T17:21:31.215Z\"}, \"logicalSessionTimeoutMinutes\": 30, \"connectionId\": 40, \"maxWireVersion\": 25, \"ok\": 1.0}"}
17/07/2025 14:21:31 - DEBUG - {"message": "Server heartbeat started", "topologyId": {"$oid": "68792fc59978f478be0eea24"}, "driverConnectionId": 1, "serverConnectionId": 40, "serverHost": "localhost", "serverPort": 27017, "awaited": true}
17/07/2025 14:21:41 - DEBUG - {"message": "Server heartbeat succeeded", "topologyId": {"$oid": "68792fc59978f478be0eea24"}, "driverConnectionId": 1, "serverConnectionId": 40, "serverHost": "localhost", "serverPort": 27017, "awaited": true, "durationMS": 10046.796655000435, "reply": "{\"isWritablePrimary\": true, \"topologyVersion\": {\"processId\": {\"$oid\": \"68791a4e03f9a85dccbcf8c0\"}}, \"maxBsonObjectSize\": 16777216, \"maxMessageSizeBytes\": 48000000, \"maxWriteBatchSize\": 100000, \"localTime\": {\"$date\": \"2025-07-17T17:21:41.263Z\"}, \"logicalSessionTimeoutMinutes\": 30, \"connectionId\": 40, \"maxWireVersion\": 25, \"ok\": 1.0}"}
17/07/2025 14:21:41 - DEBUG - {"message": "Server heartbeat started", "topologyId": {"$oid": "68792fc59978f478be0eea24"}, "driverConnectionId": 1, "serverConnectionId": 40, "serverHost": "localhost", "serverPort": 27017, "awaited": true}
17/07/2025 14:21:51 - DEBUG - {"message": "Server heartbeat succeeded", "topologyId": {"$oid": "68792fc59978f478be0eea24"}, "driverConnectionId": 1, "serverConnectionId": 40, "serverHost": "localhost", "serverPort": 27017, "awaited": true, "durationMS": 10048.957232000248, "reply": "{\"isWritablePrimary\": true, \"topologyVersion\": {\"processId\": {\"$oid\": \"68791a4e03f9a85dccbcf8c0\"}}, \"maxBsonObjectSize\": 16777216, \"maxMessageSizeBytes\": 48000000, \"maxWriteBatchSize\": 100000, \"localTime\": {\"$date\": \"2025-07-17T17:21:51.313Z\"}, \"logicalSessionTimeoutMinutes\": 30, \"connectionId\": 40, \"maxWireVersion\": 25, \"ok\": 1.0}"}
17/07/2025 14:21:51 - DEBUG - {"message": "Server heartbeat started", "topologyId": {"$oid": "68792fc59978f478be0eea24"}, "driverConnectionId": 1, "serverConnectionId": 40, "serverHost": "localhost", "serverPort": 27017, "awaited": true}
17/07/2025 14:22:01 - DEBUG - {"message": "Server heartbeat succeeded", "topologyId": {"$oid": "68792fc59978f478be0eea24"}, "driverConnectionId": 1, "serverConnectionId": 40, "serverHost": "localhost", "serverPort": 27017, "awaited": true, "durationMS": 10032.987887000672, "reply": "{\"isWritablePrimary\": true, \"topologyVersion\": {\"processId\": {\"$oid\": \"68791a4e03f9a85dccbcf8c0\"}}, \"maxBsonObjectSize\": 16777216, \"maxMessageSizeBytes\": 48000000, \"maxWriteBatchSize\": 100000, \"localTime\": {\"$date\": \"2025-07-17T17:22:01.347Z\"}, \"logicalSessionTimeoutMinutes\": 30, \"connectionId\": 40, \"maxWireVersion\": 25, \"ok\": 1.0}"}
17/07/2025 14:22:01 - DEBUG - {"message": "Server heartbeat started", "topologyId": {"$oid": "68792fc59978f478be0eea24"}, "driverConnectionId": 1, "serverConnectionId": 40, "serverHost": "localhost", "serverPort": 27017, "awaited": true}
17/07/2025 14:22:11 - DEBUG - {"message": "Server heartbeat succeeded", "topologyId": {"$oid": "68792fc59978f478be0eea24"}, "driverConnectionId": 1, "serverConnectionId": 40, "serverHost": "localhost", "serverPort": 27017, "awaited": true, "durationMS": 10025.805983000282, "reply": "{\"isWritablePrimary\": true, \"topologyVersion\": {\"processId\": {\"$oid\": \"68791a4e03f9a85dccbcf8c0\"}}, \"maxBsonObjectSize\": 16777216, \"maxMessageSizeBytes\": 48000000, \"maxWriteBatchSize\": 100000, \"localTime\": {\"$date\": \"2025-07-17T17:22:11.373Z\"}, \"logicalSessionTimeoutMinutes\": 30, \"connectionId\": 40, \"maxWireVersion\": 25, \"ok\": 1.0}"}
17/07/2025 14:22:11 - DEBUG - {"message": "Server heartbeat started", "topologyId": {"$oid": "68792fc59978f478be0eea24"}, "driverConnectionId": 1, "serverConnectionId": 40, "serverHost": "localhost", "serverPort": 27017, "awaited": true}
17/07/2025 14:22:21 - DEBUG - {"message": "Server heartbeat succeeded", "topologyId": {"$oid": "68792fc59978f478be0eea24"}, "driverConnectionId": 1, "serverConnectionId": 40, "serverHost": "localhost", "serverPort": 27017, "awaited": true, "durationMS": 10048.385293000138, "reply": "{\"isWritablePrimary\": true, \"topologyVersion\": {\"processId\": {\"$oid\": \"68791a4e03f9a85dccbcf8c0\"}}, \"maxBsonObjectSize\": 16777216, \"maxMessageSizeBytes\": 48000000, \"maxWriteBatchSize\": 100000, \"localTime\": {\"$date\": \"2025-07-17T17:22:21.423Z\"}, \"logicalSessionTimeoutMinutes\": 30, \"connectionId\": 40, \"maxWireVersion\": 25, \"ok\": 1.0}"}
17/07/2025 14:22:21 - DEBUG - {"message": "Server heartbeat started", "topologyId": {"$oid": "68792fc59978f478be0eea24"}, "driverConnectionId": 1, "serverConnectionId": 40, "serverHost": "localhost", "serverPort": 27017, "awaited": true}
17/07/2025 14:22:31 - DEBUG - {"message": "Server heartbeat succeeded", "topologyId": {"$oid": "68792fc59978f478be0eea24"}, "driverConnectionId": 1, "serverConnectionId": 40, "serverHost": "localhost", "serverPort": 27017, "awaited": true, "durationMS": 10047.58838899943, "reply": "{\"isWritablePrimary\": true, \"topologyVersion\": {\"processId\": {\"$oid\": \"68791a4e03f9a85dccbcf8c0\"}}, \"maxBsonObjectSize\": 16777216, \"maxMessageSizeBytes\": 48000000, \"maxWriteBatchSize\": 100000, \"localTime\": {\"$date\": \"2025-07-17T17:22:31.471Z\"}, \"logicalSessionTimeoutMinutes\": 30, \"connectionId\": 40, \"maxWireVersion\": 25, \"ok\": 1.0}"}
17/07/2025 14:22:31 - DEBUG - {"message": "Server heartbeat started", "topologyId": {"$oid": "68792fc59978f478be0eea24"}, "driverConnectionId": 1, "serverConnectionId": 40, "serverHost": "localhost", "serverPort": 27017, "awaited": true}
17/07/2025 14:22:41 - DEBUG - {"message": "Server heartbeat succeeded", "topologyId": {"$oid": "68792fc59978f478be0eea24"}, "driverConnectionId": 1, "serverConnectionId": 40, "serverHost": "localhost", "serverPort": 27017, "awaited": true, "durationMS": 10004.796732999239, "reply": "{\"isWritablePrimary\": true, \"topologyVersion\": {\"processId\": {\"$oid\": \"68791a4e03f9a85dccbcf8c0\"}}, \"maxBsonObjectSize\": 16777216, \"maxMessageSizeBytes\": 48000000, \"maxWriteBatchSize\": 100000, \"localTime\": {\"$date\": \"2025-07-17T17:22:41.476Z\"}, \"logicalSessionTimeoutMinutes\": 30, \"connectionId\": 40, \"maxWireVersion\": 25, \"ok\": 1.0}"}
17/07/2025 14:22:41 - DEBUG - {"message": "Server heartbeat started", "topologyId": {"$oid": "68792fc59978f478be0eea24"}, "driverConnectionId": 1, "serverConnectionId": 40, "serverHost": "localhost", "serverPort": 27017, "awaited": true}
17/07/2025 14:22:51 - DEBUG - {"message": "Server heartbeat succeeded", "topologyId": {"$oid": "68792fc59978f478be0eea24"}, "driverConnectionId": 1, "serverConnectionId": 40, "serverHost": "localhost", "serverPort": 27017, "awaited": true, "durationMS": 10047.438298000088, "reply": "{\"isWritablePrimary\": true, \"topologyVersion\": {\"processId\": {\"$oid\": \"68791a4e03f9a85dccbcf8c0\"}}, \"maxBsonObjectSize\": 16777216, \"maxMessageSizeBytes\": 48000000, \"maxWriteBatchSize\": 100000, \"localTime\": {\"$date\": \"2025-07-17T17:22:51.525Z\"}, \"logicalSessionTimeoutMinutes\": 30, \"connectionId\": 40, \"maxWireVersion\": 25, \"ok\": 1.0}"}
17/07/2025 14:22:51 - DEBUG - {"message": "Server heartbeat started", "topologyId": {"$oid": "68792fc59978f478be0eea24"}, "driverConnectionId": 1, "serverConnectionId": 40, "serverHost": "localhost", "serverPort": 27017, "awaited": true}
17/07/2025 14:23:01 - DEBUG - {"message": "Server heartbeat succeeded", "topologyId": {"$oid": "68792fc59978f478be0eea24"}, "driverConnectionId": 1, "serverConnectionId": 40, "serverHost": "localhost", "serverPort": 27017, "awaited": true, "durationMS": 10049.550963000002, "reply": "{\"isWritablePrimary\": true, \"topologyVersion\": {\"processId\": {\"$oid\": \"68791a4e03f9a85dccbcf8c0\"}}, \"maxBsonObjectSize\": 16777216, \"maxMessageSizeBytes\": 48000000, \"maxWriteBatchSize\": 100000, \"localTime\": {\"$date\": \"2025-07-17T17:23:01.576Z\"}, \"logicalSessionTimeoutMinutes\": 30, \"connectionId\": 40, \"maxWireVersion\": 25, \"ok\": 1.0}"}
17/07/2025 14:23:01 - DEBUG - {"message": "Server heartbeat started", "topologyId": {"$oid": "68792fc59978f478be0eea24"}, "driverConnectionId": 1, "serverConnectionId": 40, "serverHost": "localhost", "serverPort": 27017, "awaited": true}
17/07/2025 14:23:11 - DEBUG - {"message": "Server heartbeat succeeded", "topologyId": {"$oid": "68792fc59978f478be0eea24"}, "driverConnectionId": 1, "serverConnectionId": 40, "serverHost": "localhost", "serverPort": 27017, "awaited": true, "durationMS": 10048.16249400028, "reply": "{\"isWritablePrimary\": true, \"topologyVersion\": {\"processId\": {\"$oid\": \"68791a4e03f9a85dccbcf8c0\"}}, \"maxBsonObjectSize\": 16777216, \"maxMessageSizeBytes\": 48000000, \"maxWriteBatchSize\": 100000, \"localTime\": {\"$date\": \"2025-07-17T17:23:11.625Z\"}, \"logicalSessionTimeoutMinutes\": 30, \"connectionId\": 40, \"maxWireVersion\": 25, \"ok\": 1.0}"}
17/07/2025 14:23:11 - DEBUG - {"message": "Server heartbeat started", "topologyId": {"$oid": "68792fc59978f478be0eea24"}, "driverConnectionId": 1, "serverConnectionId": 40, "serverHost": "localhost", "serverPort": 27017, "awaited": true}
17/07/2025 14:23:21 - DEBUG - {"message": "Server heartbeat succeeded", "topologyId": {"$oid": "68792fc59978f478be0eea24"}, "driverConnectionId": 1, "serverConnectionId": 40, "serverHost": "localhost", "serverPort": 27017, "awaited": true, "durationMS": 10039.191576000121, "reply": "{\"isWritablePrimary\": true, \"topologyVersion\": {\"processId\": {\"$oid\": \"68791a4e03f9a85dccbcf8c0\"}}, \"maxBsonObjectSize\": 16777216, \"maxMessageSizeBytes\": 48000000, \"maxWriteBatchSize\": 100000, \"localTime\": {\"$date\": \"2025-07-17T17:23:21.665Z\"}, \"logicalSessionTimeoutMinutes\": 30, \"connectionId\": 40, \"maxWireVersion\": 25, \"ok\": 1.0}"}
17/07/2025 14:23:21 - DEBUG - {"message": "Server heartbeat started", "topologyId": {"$oid": "68792fc59978f478be0eea24"}, "driverConnectionId": 1, "serverConnectionId": 40, "serverHost": "localhost", "serverPort": 27017, "awaited": true}
17/07/2025 14:23:31 - DEBUG - {"message": "Server heartbeat succeeded", "topologyId": {"$oid": "68792fc59978f478be0eea24"}, "driverConnectionId": 1, "serverConnectionId": 40, "serverHost": "localhost", "serverPort": 27017, "awaited": true, "durationMS": 10049.601249999796, "reply": "{\"isWritablePrimary\": true, \"topologyVersion\": {\"processId\": {\"$oid\": \"68791a4e03f9a85dccbcf8c0\"}}, \"maxBsonObjectSize\": 16777216, \"maxMessageSizeBytes\": 48000000, \"maxWriteBatchSize\": 100000, \"localTime\": {\"$date\": \"2025-07-17T17:23:31.716Z\"}, \"logicalSessionTimeoutMinutes\": 30, \"connectionId\": 40, \"maxWireVersion\": 25, \"ok\": 1.0}"}
17/07/2025 14:23:31 - DEBUG - {"message": "Server heartbeat started", "topologyId": {"$oid": "68792fc59978f478be0eea24"}, "driverConnectionId": 1, "serverConnectionId": 40, "serverHost": "localhost", "serverPort": 27017, "awaited": true}
17/07/2025 14:23:41 - DEBUG - {"message": "Server heartbeat succeeded", "topologyId": {"$oid": "68792fc59978f478be0eea24"}, "driverConnectionId": 1, "serverConnectionId": 40, "serverHost": "localhost", "serverPort": 27017, "awaited": true, "durationMS": 10048.95765099991, "reply": "{\"isWritablePrimary\": true, \"topologyVersion\": {\"processId\": {\"$oid\": \"68791a4e03f9a85dccbcf8c0\"}}, \"maxBsonObjectSize\": 16777216, \"maxMessageSizeBytes\": 48000000, \"maxWriteBatchSize\": 100000, \"localTime\": {\"$date\": \"2025-07-17T17:23:41.766Z\"}, \"logicalSessionTimeoutMinutes\": 30, \"connectionId\": 40, \"maxWireVersion\": 25, \"ok\": 1.0}"}
17/07/2025 14:23:41 - DEBUG - {"message": "Server heartbeat started", "topologyId": {"$oid": "68792fc59978f478be0eea24"}, "driverConnectionId": 1, "serverConnectionId": 40, "serverHost": "localhost", "serverPort": 27017, "awaited": true}
17/07/2025 14:23:51 - DEBUG - {"message": "Server heartbeat succeeded", "topologyId": {"$oid": "68792fc59978f478be0eea24"}, "driverConnectionId": 1, "serverConnectionId": 40, "serverHost": "localhost", "serverPort": 27017, "awaited": true, "durationMS": 10012.931148999996, "reply": "{\"isWritablePrimary\": true, \"topologyVersion\": {\"processId\": {\"$oid\": \"68791a4e03f9a85dccbcf8c0\"}}, \"maxBsonObjectSize\": 16777216, \"maxMessageSizeBytes\": 48000000, \"maxWriteBatchSize\": 100000, \"localTime\": {\"$date\": \"2025-07-17T17:23:51.780Z\"}, \"logicalSessionTimeoutMinutes\": 30, \"connectionId\": 40, \"maxWireVersion\": 25, \"ok\": 1.0}"}
17/07/2025 14:23:51 - DEBUG - {"message": "Server heartbeat started", "topologyId": {"$oid": "68792fc59978f478be0eea24"}, "driverConnectionId": 1, "serverConnectionId": 40, "serverHost": "localhost", "serverPort": 27017, "awaited": true}
17/07/2025 14:24:01 - DEBUG - {"message": "Server heartbeat succeeded", "topologyId": {"$oid": "68792fc59978f478be0eea24"}, "driverConnectionId": 1, "serverConnectionId": 40, "serverHost": "localhost", "serverPort": 27017, "awaited": true, "durationMS": 10013.52012999996, "reply": "{\"isWritablePrimary\": true, \"topologyVersion\": {\"processId\": {\"$oid\": \"68791a4e03f9a85dccbcf8c0\"}}, \"maxBsonObjectSize\": 16777216, \"maxMessageSizeBytes\": 48000000, \"maxWriteBatchSize\": 100000, \"localTime\": {\"$date\": \"2025-07-17T17:24:01.795Z\"}, \"logicalSessionTimeoutMinutes\": 30, \"connectionId\": 40, \"maxWireVersion\": 25, \"ok\": 1.0}"}
17/07/2025 14:24:01 - DEBUG - {"message": "Server heartbeat started", "topologyId": {"$oid": "68792fc59978f478be0eea24"}, "driverConnectionId": 1, "serverConnectionId": 40, "serverHost": "localhost", "serverPort": 27017, "awaited": true}
17/07/2025 14:24:11 - DEBUG - {"message": "Server heartbeat succeeded", "topologyId": {"$oid": "68792fc59978f478be0eea24"}, "driverConnectionId": 1, "serverConnectionId": 40, "serverHost": "localhost", "serverPort": 27017, "awaited": true, "durationMS": 10048.788004000016, "reply": "{\"isWritablePrimary\": true, \"topologyVersion\": {\"processId\": {\"$oid\": \"68791a4e03f9a85dccbcf8c0\"}}, \"maxBsonObjectSize\": 16777216, \"maxMessageSizeBytes\": 48000000, \"maxWriteBatchSize\": 100000, \"localTime\": {\"$date\": \"2025-07-17T17:24:11.845Z\"}, \"logicalSessionTimeoutMinutes\": 30, \"connectionId\": 40, \"maxWireVersion\": 25, \"ok\": 1.0}"}
17/07/2025 14:24:11 - DEBUG - {"message": "Server heartbeat started", "topologyId": {"$oid": "68792fc59978f478be0eea24"}, "driverConnectionId": 1, "serverConnectionId": 40, "serverHost": "localhost", "serverPort": 27017, "awaited": true}
17/07/2025 14:24:21 - DEBUG - {"message": "Server heartbeat succeeded", "topologyId": {"$oid": "68792fc59978f478be0eea24"}, "driverConnectionId": 1, "serverConnectionId": 40, "serverHost": "localhost", "serverPort": 27017, "awaited": true, "durationMS": 10048.55158800001, "reply": "{\"isWritablePrimary\": true, \"topologyVersion\": {\"processId\": {\"$oid\": \"68791a4e03f9a85dccbcf8c0\"}}, \"maxBsonObjectSize\": 16777216, \"maxMessageSizeBytes\": 48000000, \"maxWriteBatchSize\": 100000, \"localTime\": {\"$date\": \"2025-07-17T17:24:21.894Z\"}, \"logicalSessionTimeoutMinutes\": 30, \"connectionId\": 40, \"maxWireVersion\": 25, \"ok\": 1.0}"}
17/07/2025 14:24:21 - DEBUG - {"message": "Server heartbeat started", "topologyId": {"$oid": "68792fc59978f478be0eea24"}, "driverConnectionId": 1, "serverConnectionId": 40, "serverHost": "localhost", "serverPort": 27017, "awaited": true}
17/07/2025 14:24:31 - DEBUG - {"message": "Server heartbeat succeeded", "topologyId": {"$oid": "68792fc59978f478be0eea24"}, "driverConnectionId": 1, "serverConnectionId": 40, "serverHost": "localhost", "serverPort": 27017, "awaited": true, "durationMS": 10031.887308000478, "reply": "{\"isWritablePrimary\": true, \"topologyVersion\": {\"processId\": {\"$oid\": \"68791a4e03f9a85dccbcf8c0\"}}, \"maxBsonObjectSize\": 16777216, \"maxMessageSizeBytes\": 48000000, \"maxWriteBatchSize\": 100000, \"localTime\": {\"$date\": \"2025-07-17T17:24:31.927Z\"}, \"logicalSessionTimeoutMinutes\": 30, \"connectionId\": 40, \"maxWireVersion\": 25, \"ok\": 1.0}"}
17/07/2025 14:24:31 - DEBUG - {"message": "Server heartbeat started", "topologyId": {"$oid": "68792fc59978f478be0eea24"}, "driverConnectionId": 1, "serverConnectionId": 40, "serverHost": "localhost", "serverPort": 27017, "awaited": true}
17/07/2025 14:24:41 - DEBUG - {"message": "Server heartbeat succeeded", "topologyId": {"$oid": "68792fc59978f478be0eea24"}, "driverConnectionId": 1, "serverConnectionId": 40, "serverHost": "localhost", "serverPort": 27017, "awaited": true, "durationMS": 10048.609485999805, "reply": "{\"isWritablePrimary\": true, \"topologyVersion\": {\"processId\": {\"$oid\": \"68791a4e03f9a85dccbcf8c0\"}}, \"maxBsonObjectSize\": 16777216, \"maxMessageSizeBytes\": 48000000, \"maxWriteBatchSize\": 100000, \"localTime\": {\"$date\": \"2025-07-17T17:24:41.977Z\"}, \"logicalSessionTimeoutMinutes\": 30, \"connectionId\": 40, \"maxWireVersion\": 25, \"ok\": 1.0}"}
17/07/2025 14:24:41 - DEBUG - {"message": "Server heartbeat started", "topologyId": {"$oid": "68792fc59978f478be0eea24"}, "driverConnectionId": 1, "serverConnectionId": 40, "serverHost": "localhost", "serverPort": 27017, "awaited": true}
17/07/2025 14:24:52 - DEBUG - {"message": "Server heartbeat succeeded", "topologyId": {"$oid": "68792fc59978f478be0eea24"}, "driverConnectionId": 1, "serverConnectionId": 40, "serverHost": "localhost", "serverPort": 27017, "awaited": true, "durationMS": 10048.673532000066, "reply": "{\"isWritablePrimary\": true, \"topologyVersion\": {\"processId\": {\"$oid\": \"68791a4e03f9a85dccbcf8c0\"}}, \"maxBsonObjectSize\": 16777216, \"maxMessageSizeBytes\": 48000000, \"maxWriteBatchSize\": 100000, \"localTime\": {\"$date\": \"2025-07-17T17:24:52.026Z\"}, \"logicalSessionTimeoutMinutes\": 30, \"connectionId\": 40, \"maxWireVersion\": 25, \"ok\": 1.0}"}
17/07/2025 14:24:52 - DEBUG - {"message": "Server heartbeat started", "topologyId": {"$oid": "68792fc59978f478be0eea24"}, "driverConnectionId": 1, "serverConnectionId": 40, "serverHost": "localhost", "serverPort": 27017, "awaited": true}
17/07/2025 14:25:02 - DEBUG - {"message": "Server heartbeat succeeded", "topologyId": {"$oid": "68792fc59978f478be0eea24"}, "driverConnectionId": 1, "serverConnectionId": 40, "serverHost": "localhost", "serverPort": 27017, "awaited": true, "durationMS": 10042.783783999766, "reply": "{\"isWritablePrimary\": true, \"topologyVersion\": {\"processId\": {\"$oid\": \"68791a4e03f9a85dccbcf8c0\"}}, \"maxBsonObjectSize\": 16777216, \"maxMessageSizeBytes\": 48000000, \"maxWriteBatchSize\": 100000, \"localTime\": {\"$date\": \"2025-07-17T17:25:02.070Z\"}, \"logicalSessionTimeoutMinutes\": 30, \"connectionId\": 40, \"maxWireVersion\": 25, \"ok\": 1.0}"}
17/07/2025 14:25:02 - DEBUG - {"message": "Server heartbeat started", "topologyId": {"$oid": "68792fc59978f478be0eea24"}, "driverConnectionId": 1, "serverConnectionId": 40, "serverHost": "localhost", "serverPort": 27017, "awaited": true}
17/07/2025 14:25:12 - DEBUG - {"message": "Server heartbeat succeeded", "topologyId": {"$oid": "68792fc59978f478be0eea24"}, "driverConnectionId": 1, "serverConnectionId": 40, "serverHost": "localhost", "serverPort": 27017, "awaited": true, "durationMS": 10049.271732999841, "reply": "{\"isWritablePrimary\": true, \"topologyVersion\": {\"processId\": {\"$oid\": \"68791a4e03f9a85dccbcf8c0\"}}, \"maxBsonObjectSize\": 16777216, \"maxMessageSizeBytes\": 48000000, \"maxWriteBatchSize\": 100000, \"localTime\": {\"$date\": \"2025-07-17T17:25:12.120Z\"}, \"logicalSessionTimeoutMinutes\": 30, \"connectionId\": 40, \"maxWireVersion\": 25, \"ok\": 1.0}"}
17/07/2025 14:25:12 - DEBUG - {"message": "Server heartbeat started", "topologyId": {"$oid": "68792fc59978f478be0eea24"}, "driverConnectionId": 1, "serverConnectionId": 40, "serverHost": "localhost", "serverPort": 27017, "awaited": true}
17/07/2025 14:25:22 - DEBUG - {"message": "Server heartbeat succeeded", "topologyId": {"$oid": "68792fc59978f478be0eea24"}, "driverConnectionId": 1, "serverConnectionId": 40, "serverHost": "localhost", "serverPort": 27017, "awaited": true, "durationMS": 10048.834379000255, "reply": "{\"isWritablePrimary\": true, \"topologyVersion\": {\"processId\": {\"$oid\": \"68791a4e03f9a85dccbcf8c0\"}}, \"maxBsonObjectSize\": 16777216, \"maxMessageSizeBytes\": 48000000, \"maxWriteBatchSize\": 100000, \"localTime\": {\"$date\": \"2025-07-17T17:25:22.170Z\"}, \"logicalSessionTimeoutMinutes\": 30, \"connectionId\": 40, \"maxWireVersion\": 25, \"ok\": 1.0}"}
17/07/2025 14:25:22 - DEBUG - {"message": "Server heartbeat started", "topologyId": {"$oid": "68792fc59978f478be0eea24"}, "driverConnectionId": 1, "serverConnectionId": 40, "serverHost": "localhost", "serverPort": 27017, "awaited": true}
17/07/2025 14:25:32 - DEBUG - {"message": "Server heartbeat succeeded", "topologyId": {"$oid": "68792fc59978f478be0eea24"}, "driverConnectionId": 1, "serverConnectionId": 40, "serverHost": "localhost", "serverPort": 27017, "awaited": true, "durationMS": 10048.386339999524, "reply": "{\"isWritablePrimary\": true, \"topologyVersion\": {\"processId\": {\"$oid\": \"68791a4e03f9a85dccbcf8c0\"}}, \"maxBsonObjectSize\": 16777216, \"maxMessageSizeBytes\": 48000000, \"maxWriteBatchSize\": 100000, \"localTime\": {\"$date\": \"2025-07-17T17:25:32.219Z\"}, \"logicalSessionTimeoutMinutes\": 30, \"connectionId\": 40, \"maxWireVersion\": 25, \"ok\": 1.0}"}
17/07/2025 14:25:32 - DEBUG - {"message": "Server heartbeat started", "topologyId": {"$oid": "68792fc59978f478be0eea24"}, "driverConnectionId": 1, "serverConnectionId": 40, "serverHost": "localhost", "serverPort": 27017, "awaited": true}
17/07/2025 14:25:42 - DEBUG - {"message": "Server heartbeat succeeded", "topologyId": {"$oid": "68792fc59978f478be0eea24"}, "driverConnectionId": 1, "serverConnectionId": 40, "serverHost": "localhost", "serverPort": 27017, "awaited": true, "durationMS": 10042.015727000035, "reply": "{\"isWritablePrimary\": true, \"topologyVersion\": {\"processId\": {\"$oid\": \"68791a4e03f9a85dccbcf8c0\"}}, \"maxBsonObjectSize\": 16777216, \"maxMessageSizeBytes\": 48000000, \"maxWriteBatchSize\": 100000, \"localTime\": {\"$date\": \"2025-07-17T17:25:42.262Z\"}, \"logicalSessionTimeoutMinutes\": 30, \"connectionId\": 40, \"maxWireVersion\": 25, \"ok\": 1.0}"}
17/07/2025 14:25:42 - DEBUG - {"message": "Server heartbeat started", "topologyId": {"$oid": "68792fc59978f478be0eea24"}, "driverConnectionId": 1, "serverConnectionId": 40, "serverHost": "localhost", "serverPort": 27017, "awaited": true}
17/07/2025 14:25:52 - DEBUG - {"message": "Server heartbeat succeeded", "topologyId": {"$oid": "68792fc59978f478be0eea24"}, "driverConnectionId": 1, "serverConnectionId": 40, "serverHost": "localhost", "serverPort": 27017, "awaited": true, "durationMS": 10048.49906599975, "reply": "{\"isWritablePrimary\": true, \"topologyVersion\": {\"processId\": {\"$oid\": \"68791a4e03f9a85dccbcf8c0\"}}, \"maxBsonObjectSize\": 16777216, \"maxMessageSizeBytes\": 48000000, \"maxWriteBatchSize\": 100000, \"localTime\": {\"$date\": \"2025-07-17T17:25:52.312Z\"}, \"logicalSessionTimeoutMinutes\": 30, \"connectionId\": 40, \"maxWireVersion\": 25, \"ok\": 1.0}"}
17/07/2025 14:25:52 - DEBUG - {"message": "Server heartbeat started", "topologyId": {"$oid": "68792fc59978f478be0eea24"}, "driverConnectionId": 1, "serverConnectionId": 40, "serverHost": "localhost", "serverPort": 27017, "awaited": true}
17/07/2025 14:26:02 - DEBUG - {"message": "Server heartbeat succeeded", "topologyId": {"$oid": "68792fc59978f478be0eea24"}, "driverConnectionId": 1, "serverConnectionId": 40, "serverHost": "localhost", "serverPort": 27017, "awaited": true, "durationMS": 10005.930206999437, "reply": "{\"isWritablePrimary\": true, \"topologyVersion\": {\"processId\": {\"$oid\": \"68791a4e03f9a85dccbcf8c0\"}}, \"maxBsonObjectSize\": 16777216, \"maxMessageSizeBytes\": 48000000, \"maxWriteBatchSize\": 100000, \"localTime\": {\"$date\": \"2025-07-17T17:26:02.319Z\"}, \"logicalSessionTimeoutMinutes\": 30, \"connectionId\": 40, \"maxWireVersion\": 25, \"ok\": 1.0}"}
17/07/2025 14:26:02 - DEBUG - {"message": "Server heartbeat started", "topologyId": {"$oid": "68792fc59978f478be0eea24"}, "driverConnectionId": 1, "serverConnectionId": 40, "serverHost": "localhost", "serverPort": 27017, "awaited": true}
17/07/2025 14:26:12 - DEBUG - {"message": "Server heartbeat succeeded", "topologyId": {"$oid": "68792fc59978f478be0eea24"}, "driverConnectionId": 1, "serverConnectionId": 40, "serverHost": "localhost", "serverPort": 27017, "awaited": true, "durationMS": 10014.343503999953, "reply": "{\"isWritablePrimary\": true, \"topologyVersion\": {\"processId\": {\"$oid\": \"68791a4e03f9a85dccbcf8c0\"}}, \"maxBsonObjectSize\": 16777216, \"maxMessageSizeBytes\": 48000000, \"maxWriteBatchSize\": 100000, \"localTime\": {\"$date\": \"2025-07-17T17:26:12.334Z\"}, \"logicalSessionTimeoutMinutes\": 30, \"connectionId\": 40, \"maxWireVersion\": 25, \"ok\": 1.0}"}
17/07/2025 14:26:12 - DEBUG - {"message": "Server heartbeat started", "topologyId": {"$oid": "68792fc59978f478be0eea24"}, "driverConnectionId": 1, "serverConnectionId": 40, "serverHost": "localhost", "serverPort": 27017, "awaited": true}
17/07/2025 14:26:22 - DEBUG - {"message": "Server heartbeat succeeded", "topologyId": {"$oid": "68792fc59978f478be0eea24"}, "driverConnectionId": 1, "serverConnectionId": 40, "serverHost": "localhost", "serverPort": 27017, "awaited": true, "durationMS": 10049.920220000786, "reply": "{\"isWritablePrimary\": true, \"topologyVersion\": {\"processId\": {\"$oid\": \"68791a4e03f9a85dccbcf8c0\"}}, \"maxBsonObjectSize\": 16777216, \"maxMessageSizeBytes\": 48000000, \"maxWriteBatchSize\": 100000, \"localTime\": {\"$date\": \"2025-07-17T17:26:22.385Z\"}, \"logicalSessionTimeoutMinutes\": 30, \"connectionId\": 40, \"maxWireVersion\": 25, \"ok\": 1.0}"}
17/07/2025 14:26:22 - DEBUG - {"message": "Server heartbeat started", "topologyId": {"$oid": "68792fc59978f478be0eea24"}, "driverConnectionId": 1, "serverConnectionId": 40, "serverHost": "localhost", "serverPort": 27017, "awaited": true}
17/07/2025 14:26:32 - DEBUG - {"message": "Server heartbeat succeeded", "topologyId": {"$oid": "68792fc59978f478be0eea24"}, "driverConnectionId": 1, "serverConnectionId": 40, "serverHost": "localhost", "serverPort": 27017, "awaited": true, "durationMS": 10048.015545999988, "reply": "{\"isWritablePrimary\": true, \"topologyVersion\": {\"processId\": {\"$oid\": \"68791a4e03f9a85dccbcf8c0\"}}, \"maxBsonObjectSize\": 16777216, \"maxMessageSizeBytes\": 48000000, \"maxWriteBatchSize\": 100000, \"localTime\": {\"$date\": \"2025-07-17T17:26:32.434Z\"}, \"logicalSessionTimeoutMinutes\": 30, \"connectionId\": 40, \"maxWireVersion\": 25, \"ok\": 1.0}"}
17/07/2025 14:26:32 - DEBUG - {"message": "Server heartbeat started", "topologyId": {"$oid": "68792fc59978f478be0eea24"}, "driverConnectionId": 1, "serverConnectionId": 40, "serverHost": "localhost", "serverPort": 27017, "awaited": true}
17/07/2025 14:26:42 - DEBUG - {"message": "Server heartbeat succeeded", "topologyId": {"$oid": "68792fc59978f478be0eea24"}, "driverConnectionId": 1, "serverConnectionId": 40, "serverHost": "localhost", "serverPort": 27017, "awaited": true, "durationMS": 10048.445216999426, "reply": "{\"isWritablePrimary\": true, \"topologyVersion\": {\"processId\": {\"$oid\": \"68791a4e03f9a85dccbcf8c0\"}}, \"maxBsonObjectSize\": 16777216, \"maxMessageSizeBytes\": 48000000, \"maxWriteBatchSize\": 100000, \"localTime\": {\"$date\": \"2025-07-17T17:26:42.483Z\"}, \"logicalSessionTimeoutMinutes\": 30, \"connectionId\": 40, \"maxWireVersion\": 25, \"ok\": 1.0}"}
17/07/2025 14:26:42 - DEBUG - {"message": "Server heartbeat started", "topologyId": {"$oid": "68792fc59978f478be0eea24"}, "driverConnectionId": 1, "serverConnectionId": 40, "serverHost": "localhost", "serverPort": 27017, "awaited": true}
